# JRE version: Java(TM) SE Runtime Environment (8.0_73-b02) (build 1.8.0_73-b02)
# Java VM: Java HotSpot(TM) 64-Bit Server VM (25.73-b02 mixed mode windows-amd64 compressed oops)
Heap:
 PSYoungGen      total 129024K, used 126048K [0x0000000757d80000, 0x0000000769680000, 0x00000007c0000000)
  eden space 125952K, 100% used [0x0000000757d80000,0x000000075f880000,0x000000075f880000)
  from space 3072K, 3% used [0x0000000769080000,0x0000000769098000,0x0000000769380000)
  to   space 3072K, 0% used [0x0000000769380000,0x0000000769380000,0x0000000769680000)
 ParOldGen       total 65536K, used 5288K [0x0000000687800000, 0x000000068b800000, 0x0000000757d80000)
  object space 65536K, 8% used [0x0000000687800000,0x0000000687d2a0f0,0x000000068b800000)
 Metaspace       used 12208K, capacity 12432K, committed 12672K, reserved 1060864K
  class space    used 1290K, capacity 1373K, committed 1408K, reserved 1048576K
GC Heap History (10 events):
Event: 24.307 GC heap before
{Heap before GC invocations=23 (full 0):
 PSYoungGen      total 114176K, used 113760K [0x0000000757d80000, 0x0000000769c00000, 0x00000007c0000000)
  eden space 113664K, 100% used [0x0000000757d80000,0x000000075ec80000,0x000000075ec80000)
  from space 512K, 18% used [0x0000000769b80000,0x0000000769b98000,0x0000000769c00000)
  to   space 3584K, 0% used [0x0000000769500000,0x0000000769500000,0x0000000769880000)
 ParOldGen       total 65536K, used 5134K [0x0000000687800000, 0x000000068b800000, 0x0000000757d80000)
  object space 65536K, 7% used [0x0000000687800000,0x0000000687d03978,0x000000068b800000)
 Metaspace       used 12206K, capacity 12432K, committed 12672K, reserved 1060864K
  class space    used 1289K, capacity 1373K, committed 1408K, reserved 1048576K
Event: 24.308 GC heap after
Heap after GC invocations=23 (full 0):
 PSYoungGen      total 112640K, used 64K [0x0000000757d80000, 0x0000000769c00000, 0x00000007c0000000)
  eden space 109056K, 0% used [0x0000000757d80000,0x0000000757d80000,0x000000075e800000)
  from space 3584K, 1% used [0x0000000769500000,0x0000000769510000,0x0000000769880000)
  to   space 3584K, 0% used [0x0000000769880000,0x0000000769880000,0x0000000769c00000)
 ParOldGen       total 65536K, used 5158K [0x0000000687800000, 0x000000068b800000, 0x0000000757d80000)
  object space 65536K, 7% used [0x0000000687800000,0x0000000687d09978,0x000000068b800000)
 Metaspace       used 12206K, capacity 12432K, committed 12672K, reserved 1060864K
  class space    used 1289K, capacity 1373K, committed 1408K, reserved 1048576K
}
Event: 24.810 GC heap before
{Heap before GC invocations=24 (full 0):
 PSYoungGen      total 112640K, used 109120K [0x0000000757d80000, 0x0000000769c00000, 0x00000007c0000000)
  eden space 109056K, 100% used [0x0000000757d80000,0x000000075e800000,0x000000075e800000)
  from space 3584K, 1% used [0x0000000769500000,0x0000000769510000,0x0000000769880000)
  to   space 3584K, 0% used [0x0000000769880000,0x0000000769880000,0x0000000769c00000)
 ParOldGen       total 65536K, used 5158K [0x0000000687800000, 0x000000068b800000, 0x0000000757d80000)
  object space 65536K, 7% used [0x0000000687800000,0x0000000687d09b88,0x000000068b800000)
 Metaspace       used 12207K, capacity 12432K, committed 12672K, reserved 1060864K
  class space    used 1290K, capacity 1373K, committed 1408K, reserved 1048576K
Event: 24.813 GC heap after
Heap after GC invocations=24 (full 0):
 PSYoungGen      total 105472K, used 64K [0x0000000757d80000, 0x0000000769900000, 0x00000007c0000000)
  eden space 104960K, 0% used [0x0000000757d80000,0x0000000757d80000,0x000000075e400000)
  from space 512K, 12% used [0x0000000769880000,0x0000000769890000,0x0000000769900000)
  to   space 3584K, 0% used [0x0000000769200000,0x0000000769200000,0x0000000769580000)
 ParOldGen       total 65536K, used 5166K [0x0000000687800000, 0x000000068b800000, 0x0000000757d80000)
  object space 65536K, 7% used [0x0000000687800000,0x0000000687d0bb88,0x000000068b800000)
 Metaspace       used 12207K, capacity 12432K, committed 12672K, reserved 1060864K
  class space    used 1290K, capacity 1373K, committed 1408K, reserved 1048576K
}
Event: 25.306 GC heap before
{Heap before GC invocations=25 (full 0):
 PSYoungGen      total 105472K, used 105024K [0x0000000757d80000, 0x0000000769900000, 0x00000007c0000000)
  eden space 104960K, 100% used [0x0000000757d80000,0x000000075e400000,0x000000075e400000)
  from space 512K, 12% used [0x0000000769880000,0x0000000769890000,0x0000000769900000)
  to   space 3584K, 0% used [0x0000000769200000,0x0000000769200000,0x0000000769580000)
 ParOldGen       total 65536K, used 5168K [0x0000000687800000, 0x000000068b800000, 0x0000000757d80000)
  object space 65536K, 7% used [0x0000000687800000,0x0000000687d0c250,0x000000068b800000)
 Metaspace       used 12207K, capacity 12432K, committed 12672K, reserved 1060864K
  class space    used 1290K, capacity 1373K, committed 1408K, reserved 1048576K
Event: 25.323 GC heap after
Heap after GC invocations=25 (full 0):
 PSYoungGen      total 140288K, used 128K [0x0000000757d80000, 0x0000000769900000, 0x00000007c0000000)
  eden space 136704K, 0% used [0x0000000757d80000,0x0000000757d80000,0x0000000760300000)
  from space 3584K, 3% used [0x0000000769200000,0x0000000769220000,0x0000000769580000)
  to   space 3072K, 0% used [0x0000000769600000,0x0000000769600000,0x0000000769900000)
 ParOldGen       total 65536K, used 5192K [0x0000000687800000, 0x000000068b800000, 0x0000000757d80000)
  object space 65536K, 7% used [0x0000000687800000,0x0000000687d12250,0x000000068b800000)
 Metaspace       used 12207K, capacity 12432K, committed 12672K, reserved 1060864K
  class space    used 1290K, capacity 1373K, committed 1408K, reserved 1048576K
}
Event: 25.950 GC heap before
{Heap before GC invocations=26 (full 0):
 PSYoungGen      total 140288K, used 136832K [0x0000000757d80000, 0x0000000769900000, 0x00000007c0000000)
  eden space 136704K, 100% used [0x0000000757d80000,0x0000000760300000,0x0000000760300000)
  from space 3584K, 3% used [0x0000000769200000,0x0000000769220000,0x0000000769580000)
  to   space 3072K, 0% used [0x0000000769600000,0x0000000769600000,0x0000000769900000)
 ParOldGen       total 65536K, used 5192K [0x0000000687800000, 0x000000068b800000, 0x0000000757d80000)
  object space 65536K, 7% used [0x0000000687800000,0x0000000687d12250,0x000000068b800000)
 Metaspace       used 12207K, capacity 12432K, committed 12672K, reserved 1060864K
  class space    used 1290K, capacity 1373K, committed 1408K, reserved 1048576K
Event: 25.951 GC heap after
Heap after GC invocations=26 (full 0):
 PSYoungGen      total 131584K, used 128K [0x0000000757d80000, 0x0000000769680000, 0x00000007c0000000)
  eden space 131072K, 0% used [0x0000000757d80000,0x0000000757d80000,0x000000075fd80000)
  from space 512K, 25% used [0x0000000769600000,0x0000000769620000,0x0000000769680000)
  to   space 3072K, 0% used [0x0000000769080000,0x0000000769080000,0x0000000769380000)
 ParOldGen       total 65536K, used 5216K [0x0000000687800000, 0x000000068b800000, 0x0000000757d80000)
  object space 65536K, 7% used [0x0000000687800000,0x0000000687d18250,0x000000068b800000)
 Metaspace       used 12207K, capacity 12432K, committed 12672K, reserved 1060864K
  class space    used 1290K, capacity 1373K, committed 1408K, reserved 1048576K
}
Event: 26.555 GC heap before
{Heap before GC invocations=27 (full 0):
 PSYoungGen      total 131584K, used 131200K [0x0000000757d80000, 0x0000000769680000, 0x00000007c0000000)
  eden space 131072K, 100% used [0x0000000757d80000,0x000000075fd80000,0x000000075fd80000)
  from space 512K, 25% used [0x0000000769600000,0x0000000769620000,0x0000000769680000)
  to   space 3072K, 0% used [0x0000000769080000,0x0000000769080000,0x0000000769380000)
 ParOldGen       total 65536K, used 5259K [0x0000000687800000, 0x000000068b800000, 0x0000000757d80000)
  object space 65536K, 8% used [0x0000000687800000,0x0000000687d22f60,0x000000068b800000)
 Metaspace       used 12207K, capacity 12432K, committed 12672K, reserved 1060864K
  class space    used 1290K, capacity 1373K, committed 1408K, reserved 1048576K
Event: 26.556 GC heap after
Heap after GC invocations=27 (full 0):
 PSYoungGen      total 129024K, used 96K [0x0000000757d80000, 0x0000000769680000, 0x00000007c0000000)
  eden space 125952K, 0% used [0x0000000757d80000,0x0000000757d80000,0x000000075f880000)
  from space 3072K, 3% used [0x0000000769080000,0x0000000769098000,0x0000000769380000)
  to   space 3072K, 0% used [0x0000000769380000,0x0000000769380000,0x0000000769680000)
 ParOldGen       total 65536K, used 5286K [0x0000000687800000, 0x000000068b800000, 0x0000000757d80000)
  object space 65536K, 8% used [0x0000000687800000,0x0000000687d29ad0,0x000000068b800000)
 Metaspace       used 12207K, capacity 12432K, committed 12672K, reserved 1060864K
  class space    used 1290K, capacity 1373K, committed 1408K, reserved 1048576K
}

