# JRE version: Java(TM) SE Runtime Environment (8.0_73-b02) (build 1.8.0_73-b02)
# Java VM: Java HotSpot(TM) 64-Bit Server VM (25.73-b02 mixed mode windows-amd64 compressed oops)
Heap:
 PSYoungGen      total 22016K, used 20412K [0x0000000757d80000, 0x0000000760800000, 0x00000007c0000000)
  eden space 21504K, 94% used [0x0000000757d80000,0x000000075915f178,0x0000000759280000)
  from space 512K, 12% used [0x0000000760700000,0x0000000760710000,0x0000000760780000)
  to   space 512K, 0% used [0x0000000760780000,0x0000000760780000,0x0000000760800000)
 ParOldGen       total 65536K, used 24100K [0x0000000687800000, 0x000000068b800000, 0x0000000757d80000)
  object space 65536K, 36% used [0x0000000687800000,0x0000000688f891b0,0x000000068b800000)
 Metaspace       used 12358K, capacity 12616K, committed 12672K, reserved 1060864K
  class space    used 1294K, capacity 1373K, committed 1408K, reserved 1048576K
GC Heap History (10 events):
Event: 330.590 GC heap before
{Heap before GC invocations=241 (full 0):
 PSYoungGen      total 22016K, used 21600K [0x0000000757d80000, 0x0000000760800000, 0x00000007c0000000)
  eden space 21504K, 100% used [0x0000000757d80000,0x0000000759280000,0x0000000759280000)
  from space 512K, 18% used [0x0000000760780000,0x0000000760798000,0x0000000760800000)
  to   space 512K, 0% used [0x0000000760700000,0x0000000760700000,0x0000000760780000)
 ParOldGen       total 65536K, used 23908K [0x0000000687800000, 0x000000068b800000, 0x0000000757d80000)
  object space 65536K, 36% used [0x0000000687800000,0x0000000688f591b0,0x000000068b800000)
 Metaspace       used 12358K, capacity 12616K, committed 12672K, reserved 1060864K
  class space    used 1294K, capacity 1373K, committed 1408K, reserved 1048576K
Event: 330.591 GC heap after
Heap after GC invocations=241 (full 0):
 PSYoungGen      total 22016K, used 64K [0x0000000757d80000, 0x0000000760800000, 0x00000007c0000000)
  eden space 21504K, 0% used [0x0000000757d80000,0x0000000757d80000,0x0000000759280000)
  from space 512K, 12% used [0x0000000760700000,0x0000000760710000,0x0000000760780000)
  to   space 512K, 0% used [0x0000000760780000,0x0000000760780000,0x0000000760800000)
 ParOldGen       total 65536K, used 23948K [0x0000000687800000, 0x000000068b800000, 0x0000000757d80000)
  object space 65536K, 36% used [0x0000000687800000,0x0000000688f631b0,0x000000068b800000)
 Metaspace       used 12358K, capacity 12616K, committed 12672K, reserved 1060864K
  class space    used 1294K, capacity 1373K, committed 1408K, reserved 1048576K
}
Event: 331.354 GC heap before
{Heap before GC invocations=242 (full 0):
 PSYoungGen      total 22016K, used 21568K [0x0000000757d80000, 0x0000000760800000, 0x00000007c0000000)
  eden space 21504K, 100% used [0x0000000757d80000,0x0000000759280000,0x0000000759280000)
  from space 512K, 12% used [0x0000000760700000,0x0000000760710000,0x0000000760780000)
  to   space 512K, 0% used [0x0000000760780000,0x0000000760780000,0x0000000760800000)
 ParOldGen       total 65536K, used 23948K [0x0000000687800000, 0x000000068b800000, 0x0000000757d80000)
  object space 65536K, 36% used [0x0000000687800000,0x0000000688f631b0,0x000000068b800000)
 Metaspace       used 12358K, capacity 12616K, committed 12672K, reserved 1060864K
  class space    used 1294K, capacity 1373K, committed 1408K, reserved 1048576K
Event: 331.355 GC heap after
Heap after GC invocations=242 (full 0):
 PSYoungGen      total 22016K, used 64K [0x0000000757d80000, 0x0000000760800000, 0x00000007c0000000)
  eden space 21504K, 0% used [0x0000000757d80000,0x0000000757d80000,0x0000000759280000)
  from space 512K, 12% used [0x0000000760780000,0x0000000760790000,0x0000000760800000)
  to   space 512K, 0% used [0x0000000760700000,0x0000000760700000,0x0000000760780000)
 ParOldGen       total 65536K, used 23980K [0x0000000687800000, 0x000000068b800000, 0x0000000757d80000)
  object space 65536K, 36% used [0x0000000687800000,0x0000000688f6b1b0,0x000000068b800000)
 Metaspace       used 12358K, capacity 12616K, committed 12672K, reserved 1060864K
  class space    used 1294K, capacity 1373K, committed 1408K, reserved 1048576K
}
Event: 332.117 GC heap before
{Heap before GC invocations=243 (full 0):
 PSYoungGen      total 22016K, used 21568K [0x0000000757d80000, 0x0000000760800000, 0x00000007c0000000)
  eden space 21504K, 100% used [0x0000000757d80000,0x0000000759280000,0x0000000759280000)
  from space 512K, 12% used [0x0000000760780000,0x0000000760790000,0x0000000760800000)
  to   space 512K, 0% used [0x0000000760700000,0x0000000760700000,0x0000000760780000)
 ParOldGen       total 65536K, used 23980K [0x0000000687800000, 0x000000068b800000, 0x0000000757d80000)
  object space 65536K, 36% used [0x0000000687800000,0x0000000688f6b1b0,0x000000068b800000)
 Metaspace       used 12358K, capacity 12616K, committed 12672K, reserved 1060864K
  class space    used 1294K, capacity 1373K, committed 1408K, reserved 1048576K
Event: 332.118 GC heap after
Heap after GC invocations=243 (full 0):
 PSYoungGen      total 22016K, used 64K [0x0000000757d80000, 0x0000000760800000, 0x00000007c0000000)
  eden space 21504K, 0% used [0x0000000757d80000,0x0000000757d80000,0x0000000759280000)
  from space 512K, 12% used [0x0000000760700000,0x0000000760710000,0x0000000760780000)
  to   space 512K, 0% used [0x0000000760780000,0x0000000760780000,0x0000000760800000)
 ParOldGen       total 65536K, used 24020K [0x0000000687800000, 0x000000068b800000, 0x0000000757d80000)
  object space 65536K, 36% used [0x0000000687800000,0x0000000688f751b0,0x000000068b800000)
 Metaspace       used 12358K, capacity 12616K, committed 12672K, reserved 1060864K
  class space    used 1294K, capacity 1373K, committed 1408K, reserved 1048576K
}
Event: 332.865 GC heap before
{Heap before GC invocations=244 (full 0):
 PSYoungGen      total 22016K, used 21568K [0x0000000757d80000, 0x0000000760800000, 0x00000007c0000000)
  eden space 21504K, 100% used [0x0000000757d80000,0x0000000759280000,0x0000000759280000)
  from space 512K, 12% used [0x0000000760700000,0x0000000760710000,0x0000000760780000)
  to   space 512K, 0% used [0x0000000760780000,0x0000000760780000,0x0000000760800000)
 ParOldGen       total 65536K, used 24020K [0x0000000687800000, 0x000000068b800000, 0x0000000757d80000)
  object space 65536K, 36% used [0x0000000687800000,0x0000000688f751b0,0x000000068b800000)
 Metaspace       used 12358K, capacity 12616K, committed 12672K, reserved 1060864K
  class space    used 1294K, capacity 1373K, committed 1408K, reserved 1048576K
Event: 332.866 GC heap after
Heap after GC invocations=244 (full 0):
 PSYoungGen      total 22016K, used 64K [0x0000000757d80000, 0x0000000760800000, 0x00000007c0000000)
  eden space 21504K, 0% used [0x0000000757d80000,0x0000000757d80000,0x0000000759280000)
  from space 512K, 12% used [0x0000000760780000,0x0000000760790000,0x0000000760800000)
  to   space 512K, 0% used [0x0000000760700000,0x0000000760700000,0x0000000760780000)
 ParOldGen       total 65536K, used 24060K [0x0000000687800000, 0x000000068b800000, 0x0000000757d80000)
  object space 65536K, 36% used [0x0000000687800000,0x0000000688f7f1b0,0x000000068b800000)
 Metaspace       used 12358K, capacity 12616K, committed 12672K, reserved 1060864K
  class space    used 1294K, capacity 1373K, committed 1408K, reserved 1048576K
}
Event: 333.613 GC heap before
{Heap before GC invocations=245 (full 0):
 PSYoungGen      total 22016K, used 21568K [0x0000000757d80000, 0x0000000760800000, 0x00000007c0000000)
  eden space 21504K, 100% used [0x0000000757d80000,0x0000000759280000,0x0000000759280000)
  from space 512K, 12% used [0x0000000760780000,0x0000000760790000,0x0000000760800000)
  to   space 512K, 0% used [0x0000000760700000,0x0000000760700000,0x0000000760780000)
 ParOldGen       total 65536K, used 24060K [0x0000000687800000, 0x000000068b800000, 0x0000000757d80000)
  object space 65536K, 36% used [0x0000000687800000,0x0000000688f7f1b0,0x000000068b800000)
 Metaspace       used 12358K, capacity 12616K, committed 12672K, reserved 1060864K
  class space    used 1294K, capacity 1373K, committed 1408K, reserved 1048576K
Event: 333.614 GC heap after
Heap after GC invocations=245 (full 0):
 PSYoungGen      total 22016K, used 64K [0x0000000757d80000, 0x0000000760800000, 0x00000007c0000000)
  eden space 21504K, 0% used [0x0000000757d80000,0x0000000757d80000,0x0000000759280000)
  from space 512K, 12% used [0x0000000760700000,0x0000000760710000,0x0000000760780000)
  to   space 512K, 0% used [0x0000000760780000,0x0000000760780000,0x0000000760800000)
 ParOldGen       total 65536K, used 24100K [0x0000000687800000, 0x000000068b800000, 0x0000000757d80000)
  object space 65536K, 36% used [0x0000000687800000,0x0000000688f891b0,0x000000068b800000)
 Metaspace       used 12358K, capacity 12616K, committed 12672K, reserved 1060864K
  class space    used 1294K, capacity 1373K, committed 1408K, reserved 1048576K
}

