# JRE version: Java(TM) SE Runtime Environment (8.0_73-b02) (build 1.8.0_73-b02)
# Java VM: Java HotSpot(TM) 64-Bit Server VM (25.73-b02 mixed mode windows-amd64 compressed oops)
Heap:
 PSYoungGen      total 492544K, used 285600K [0x0000000757d80000, 0x00000007bd980000, 0x00000007c0000000)
  eden space 491008K, 58% used [0x0000000757d80000,0x00000007694481c8,0x0000000775d00000)
  from space 1536K, 8% used [0x00000007bd680000,0x00000007bd6a0000,0x00000007bd800000)
  to   space 1536K, 0% used [0x00000007bd800000,0x00000007bd800000,0x00000007bd980000)
 ParOldGen       total 65536K, used 7182K [0x0000000687800000, 0x000000068b800000, 0x0000000757d80000)
  object space 65536K, 10% used [0x0000000687800000,0x0000000687f03ad0,0x000000068b800000)
 Metaspace       used 12655K, capacity 12866K, committed 13056K, reserved 1060864K
  class space    used 1360K, capacity 1434K, committed 1536K, reserved 1048576K
GC Heap History (10 events):
Event: 519.223 GC heap before
{Heap before GC invocations=37 (full 0):
 PSYoungGen      total 626688K, used 626464K [0x0000000757d80000, 0x00000007bdc00000, 0x00000007c0000000)
  eden space 626176K, 100% used [0x0000000757d80000,0x000000077e100000,0x000000077e100000)
  from space 512K, 56% used [0x00000007bdb80000,0x00000007bdbc8030,0x00000007bdc00000)
  to   space 2048K, 0% used [0x00000007bd800000,0x00000007bd800000,0x00000007bda00000)
 ParOldGen       total 65536K, used 6852K [0x0000000687800000, 0x000000068b800000, 0x0000000757d80000)
  object space 65536K, 10% used [0x0000000687800000,0x0000000687eb11d0,0x000000068b800000)
 Metaspace       used 12655K, capacity 12866K, committed 13056K, reserved 1060864K
  class space    used 1360K, capacity 1434K, committed 1536K, reserved 1048576K
Event: 519.224 GC heap after
Heap after GC invocations=37 (full 0):
 PSYoungGen      total 598528K, used 128K [0x0000000757d80000, 0x00000007bdc00000, 0x00000007c0000000)
  eden space 596480K, 0% used [0x0000000757d80000,0x0000000757d80000,0x000000077c400000)
  from space 2048K, 6% used [0x00000007bd800000,0x00000007bd820000,0x00000007bda00000)
  to   space 2048K, 0% used [0x00000007bda00000,0x00000007bda00000,0x00000007bdc00000)
 ParOldGen       total 65536K, used 7004K [0x0000000687800000, 0x000000068b800000, 0x0000000757d80000)
  object space 65536K, 10% used [0x0000000687800000,0x0000000687ed7200,0x000000068b800000)
 Metaspace       used 12655K, capacity 12866K, committed 13056K, reserved 1060864K
  class space    used 1360K, capacity 1434K, committed 1536K, reserved 1048576K
}
Event: 523.703 GC heap before
{Heap before GC invocations=38 (full 0):
 PSYoungGen      total 598528K, used 596608K [0x0000000757d80000, 0x00000007bdc00000, 0x00000007c0000000)
  eden space 596480K, 100% used [0x0000000757d80000,0x000000077c400000,0x000000077c400000)
  from space 2048K, 6% used [0x00000007bd800000,0x00000007bd820000,0x00000007bda00000)
  to   space 2048K, 0% used [0x00000007bda00000,0x00000007bda00000,0x00000007bdc00000)
 ParOldGen       total 65536K, used 7004K [0x0000000687800000, 0x000000068b800000, 0x0000000757d80000)
  object space 65536K, 10% used [0x0000000687800000,0x0000000687ed7220,0x000000068b800000)
 Metaspace       used 12655K, capacity 12866K, committed 13056K, reserved 1060864K
  class space    used 1360K, capacity 1434K, committed 1536K, reserved 1048576K
Event: 523.704 GC heap after
Heap after GC invocations=38 (full 0):
 PSYoungGen      total 568832K, used 160K [0x0000000757d80000, 0x00000007bda80000, 0x00000007c0000000)
  eden space 568320K, 0% used [0x0000000757d80000,0x0000000757d80000,0x000000077a880000)
  from space 512K, 31% used [0x00000007bda00000,0x00000007bda28000,0x00000007bda80000)
  to   space 2048K, 0% used [0x00000007bd680000,0x00000007bd680000,0x00000007bd880000)
 ParOldGen       total 65536K, used 7060K [0x0000000687800000, 0x000000068b800000, 0x0000000757d80000)
  object space 65536K, 10% used [0x0000000687800000,0x0000000687ee5220,0x000000068b800000)
 Metaspace       used 12655K, capacity 12866K, committed 13056K, reserved 1060864K
  class space    used 1360K, capacity 1434K, committed 1536K, reserved 1048576K
}
Event: 529.840 GC heap before
{Heap before GC invocations=39 (full 0):
 PSYoungGen      total 568832K, used 568480K [0x0000000757d80000, 0x00000007bda80000, 0x00000007c0000000)
  eden space 568320K, 100% used [0x0000000757d80000,0x000000077a880000,0x000000077a880000)
  from space 512K, 31% used [0x00000007bda00000,0x00000007bda28000,0x00000007bda80000)
  to   space 2048K, 0% used [0x00000007bd680000,0x00000007bd680000,0x00000007bd880000)
 ParOldGen       total 65536K, used 7062K [0x0000000687800000, 0x000000068b800000, 0x0000000757d80000)
  object space 65536K, 10% used [0x0000000687800000,0x0000000687ee5ad0,0x000000068b800000)
 Metaspace       used 12655K, capacity 12866K, committed 13056K, reserved 1060864K
  class space    used 1360K, capacity 1434K, committed 1536K, reserved 1048576K
Event: 529.841 GC heap after
Heap after GC invocations=39 (full 0):
 PSYoungGen      total 543232K, used 128K [0x0000000757d80000, 0x00000007bda80000, 0x00000007c0000000)
  eden space 541184K, 0% used [0x0000000757d80000,0x0000000757d80000,0x0000000778e00000)
  from space 2048K, 6% used [0x00000007bd680000,0x00000007bd6a0000,0x00000007bd880000)
  to   space 1536K, 0% used [0x00000007bd900000,0x00000007bd900000,0x00000007bda80000)
 ParOldGen       total 65536K, used 7102K [0x0000000687800000, 0x000000068b800000, 0x0000000757d80000)
  object space 65536K, 10% used [0x0000000687800000,0x0000000687eefad0,0x000000068b800000)
 Metaspace       used 12655K, capacity 12866K, committed 13056K, reserved 1060864K
  class space    used 1360K, capacity 1434K, committed 1536K, reserved 1048576K
}
Event: 533.554 GC heap before
{Heap before GC invocations=40 (full 0):
 PSYoungGen      total 543232K, used 541312K [0x0000000757d80000, 0x00000007bda80000, 0x00000007c0000000)
  eden space 541184K, 100% used [0x0000000757d80000,0x0000000778e00000,0x0000000778e00000)
  from space 2048K, 6% used [0x00000007bd680000,0x00000007bd6a0000,0x00000007bd880000)
  to   space 1536K, 0% used [0x00000007bd900000,0x00000007bd900000,0x00000007bda80000)
 ParOldGen       total 65536K, used 7102K [0x0000000687800000, 0x000000068b800000, 0x0000000757d80000)
  object space 65536K, 10% used [0x0000000687800000,0x0000000687eefad0,0x000000068b800000)
 Metaspace       used 12655K, capacity 12866K, committed 13056K, reserved 1060864K
  class space    used 1360K, capacity 1434K, committed 1536K, reserved 1048576K
Event: 533.556 GC heap after
Heap after GC invocations=40 (full 0):
 PSYoungGen      total 516096K, used 160K [0x0000000757d80000, 0x00000007bd980000, 0x00000007c0000000)
  eden space 515584K, 0% used [0x0000000757d80000,0x0000000757d80000,0x0000000777500000)
  from space 512K, 31% used [0x00000007bd900000,0x00000007bd928000,0x00000007bd980000)
  to   space 1536K, 0% used [0x00000007bd680000,0x00000007bd680000,0x00000007bd800000)
 ParOldGen       total 65536K, used 7142K [0x0000000687800000, 0x000000068b800000, 0x0000000757d80000)
  object space 65536K, 10% used [0x0000000687800000,0x0000000687ef9ad0,0x000000068b800000)
 Metaspace       used 12655K, capacity 12866K, committed 13056K, reserved 1060864K
  class space    used 1360K, capacity 1434K, committed 1536K, reserved 1048576K
}
Event: 543.621 GC heap before
{Heap before GC invocations=41 (full 0):
 PSYoungGen      total 516096K, used 515744K [0x0000000757d80000, 0x00000007bd980000, 0x00000007c0000000)
  eden space 515584K, 100% used [0x0000000757d80000,0x0000000777500000,0x0000000777500000)
  from space 512K, 31% used [0x00000007bd900000,0x00000007bd928000,0x00000007bd980000)
  to   space 1536K, 0% used [0x00000007bd680000,0x00000007bd680000,0x00000007bd800000)
 ParOldGen       total 65536K, used 7142K [0x0000000687800000, 0x000000068b800000, 0x0000000757d80000)
  object space 65536K, 10% used [0x0000000687800000,0x0000000687ef9ad0,0x000000068b800000)
 Metaspace       used 12655K, capacity 12866K, committed 13056K, reserved 1060864K
  class space    used 1360K, capacity 1434K, committed 1536K, reserved 1048576K
Event: 543.622 GC heap after
Heap after GC invocations=41 (full 0):
 PSYoungGen      total 492544K, used 128K [0x0000000757d80000, 0x00000007bd980000, 0x00000007c0000000)
  eden space 491008K, 0% used [0x0000000757d80000,0x0000000757d80000,0x0000000775d00000)
  from space 1536K, 8% used [0x00000007bd680000,0x00000007bd6a0000,0x00000007bd800000)
  to   space 1536K, 0% used [0x00000007bd800000,0x00000007bd800000,0x00000007bd980000)
 ParOldGen       total 65536K, used 7182K [0x0000000687800000, 0x000000068b800000, 0x0000000757d80000)
  object space 65536K, 10% used [0x0000000687800000,0x0000000687f03ad0,0x000000068b800000)
 Metaspace       used 12655K, capacity 12866K, committed 13056K, reserved 1060864K
  class space    used 1360K, capacity 1434K, committed 1536K, reserved 1048576K
}

