# JRE version: Java(TM) SE Runtime Environment (8.0_73-b02) (build 1.8.0_73-b02)
# Java VM: Java HotSpot(TM) 64-Bit Server VM (25.73-b02 mixed mode windows-amd64 compressed oops)
Heap:
 PSYoungGen      total 118784K, used 65468K [0x0000000757d80000, 0x0000000762380000, 0x00000007c0000000)
  eden space 113664K, 57% used [0x0000000757d80000,0x000000075bd4f3c0,0x000000075ec80000)
  from space 5120K, 2% used [0x0000000761980000,0x00000007619a0000,0x0000000761e80000)
  to   space 4608K, 0% used [0x0000000761f00000,0x0000000761f00000,0x0000000762380000)
 ParOldGen       total 65536K, used 5681K [0x0000000687800000, 0x000000068b800000, 0x0000000757d80000)
  object space 65536K, 8% used [0x0000000687800000,0x0000000687d8c738,0x000000068b800000)
 Metaspace       used 12216K, capacity 12432K, committed 12672K, reserved 1060864K
  class space    used 1290K, capacity 1373K, committed 1408K, reserved 1048576K
GC Heap History (10 events):
Event: 37.576 GC heap before
{Heap before GC invocations=17 (full 0):
 PSYoungGen      total 139264K, used 138912K [0x0000000757d80000, 0x0000000762d00000, 0x00000007c0000000)
  eden space 138752K, 100% used [0x0000000757d80000,0x0000000760500000,0x0000000760500000)
  from space 512K, 31% used [0x0000000762c80000,0x0000000762ca8000,0x0000000762d00000)
  to   space 5632K, 0% used [0x0000000762200000,0x0000000762200000,0x0000000762780000)
 ParOldGen       total 65536K, used 5255K [0x0000000687800000, 0x000000068b800000, 0x0000000757d80000)
  object space 65536K, 8% used [0x0000000687800000,0x0000000687d21ec8,0x000000068b800000)
 Metaspace       used 12215K, capacity 12432K, committed 12672K, reserved 1060864K
  class space    used 1290K, capacity 1373K, committed 1408K, reserved 1048576K
Event: 37.578 GC heap after
Heap after GC invocations=17 (full 0):
 PSYoungGen      total 138752K, used 160K [0x0000000757d80000, 0x0000000762d00000, 0x00000007c0000000)
  eden space 133120K, 0% used [0x0000000757d80000,0x0000000757d80000,0x000000075ff80000)
  from space 5632K, 2% used [0x0000000762200000,0x0000000762228000,0x0000000762780000)
  to   space 5632K, 0% used [0x0000000762780000,0x0000000762780000,0x0000000762d00000)
 ParOldGen       total 65536K, used 5350K [0x0000000687800000, 0x000000068b800000, 0x0000000757d80000)
  object space 65536K, 8% used [0x0000000687800000,0x0000000687d39bc8,0x000000068b800000)
 Metaspace       used 12215K, capacity 12432K, committed 12672K, reserved 1060864K
  class space    used 1290K, capacity 1373K, committed 1408K, reserved 1048576K
}
Event: 38.776 GC heap before
{Heap before GC invocations=18 (full 0):
 PSYoungGen      total 138752K, used 133280K [0x0000000757d80000, 0x0000000762d00000, 0x00000007c0000000)
  eden space 133120K, 100% used [0x0000000757d80000,0x000000075ff80000,0x000000075ff80000)
  from space 5632K, 2% used [0x0000000762200000,0x0000000762228000,0x0000000762780000)
  to   space 5632K, 0% used [0x0000000762780000,0x0000000762780000,0x0000000762d00000)
 ParOldGen       total 65536K, used 5350K [0x0000000687800000, 0x000000068b800000, 0x0000000757d80000)
  object space 65536K, 8% used [0x0000000687800000,0x0000000687d39bc8,0x000000068b800000)
 Metaspace       used 12215K, capacity 12432K, committed 12672K, reserved 1060864K
  class space    used 1290K, capacity 1373K, committed 1408K, reserved 1048576K
Event: 38.793 GC heap after
Heap after GC invocations=18 (full 0):
 PSYoungGen      total 128512K, used 192K [0x0000000757d80000, 0x0000000762800000, 0x00000007c0000000)
  eden space 128000K, 0% used [0x0000000757d80000,0x0000000757d80000,0x000000075fa80000)
  from space 512K, 37% used [0x0000000762780000,0x00000007627b0000,0x0000000762800000)
  to   space 5120K, 0% used [0x0000000761e00000,0x0000000761e00000,0x0000000762300000)
 ParOldGen       total 65536K, used 5438K [0x0000000687800000, 0x000000068b800000, 0x0000000757d80000)
  object space 65536K, 8% used [0x0000000687800000,0x0000000687d4fbc8,0x000000068b800000)
 Metaspace       used 12215K, capacity 12432K, committed 12672K, reserved 1060864K
  class space    used 1290K, capacity 1373K, committed 1408K, reserved 1048576K
}
Event: 39.844 GC heap before
{Heap before GC invocations=19 (full 0):
 PSYoungGen      total 128512K, used 128192K [0x0000000757d80000, 0x0000000762800000, 0x00000007c0000000)
  eden space 128000K, 100% used [0x0000000757d80000,0x000000075fa80000,0x000000075fa80000)
  from space 512K, 37% used [0x0000000762780000,0x00000007627b0000,0x0000000762800000)
  to   space 5120K, 0% used [0x0000000761e00000,0x0000000761e00000,0x0000000762300000)
 ParOldGen       total 65536K, used 5438K [0x0000000687800000, 0x000000068b800000, 0x0000000757d80000)
  object space 65536K, 8% used [0x0000000687800000,0x0000000687d4fbc8,0x000000068b800000)
 Metaspace       used 12215K, capacity 12432K, committed 12672K, reserved 1060864K
  class space    used 1290K, capacity 1373K, committed 1408K, reserved 1048576K
Event: 39.845 GC heap after
Heap after GC invocations=19 (full 0):
 PSYoungGen      total 128000K, used 192K [0x0000000757d80000, 0x0000000762800000, 0x00000007c0000000)
  eden space 122880K, 0% used [0x0000000757d80000,0x0000000757d80000,0x000000075f580000)
  from space 5120K, 3% used [0x0000000761e00000,0x0000000761e30000,0x0000000762300000)
  to   space 5120K, 0% used [0x0000000762300000,0x0000000762300000,0x0000000762800000)
 ParOldGen       total 65536K, used 5529K [0x0000000687800000, 0x000000068b800000, 0x0000000757d80000)
  object space 65536K, 8% used [0x0000000687800000,0x0000000687d66738,0x000000068b800000)
 Metaspace       used 12215K, capacity 12432K, committed 12672K, reserved 1060864K
  class space    used 1290K, capacity 1373K, committed 1408K, reserved 1048576K
}
Event: 40.854 GC heap before
{Heap before GC invocations=20 (full 0):
 PSYoungGen      total 128000K, used 123072K [0x0000000757d80000, 0x0000000762800000, 0x00000007c0000000)
  eden space 122880K, 100% used [0x0000000757d80000,0x000000075f580000,0x000000075f580000)
  from space 5120K, 3% used [0x0000000761e00000,0x0000000761e30000,0x0000000762300000)
  to   space 5120K, 0% used [0x0000000762300000,0x0000000762300000,0x0000000762800000)
 ParOldGen       total 65536K, used 5529K [0x0000000687800000, 0x000000068b800000, 0x0000000757d80000)
  object space 65536K, 8% used [0x0000000687800000,0x0000000687d66738,0x000000068b800000)
 Metaspace       used 12215K, capacity 12432K, committed 12672K, reserved 1060864K
  class space    used 1290K, capacity 1373K, committed 1408K, reserved 1048576K
Event: 40.856 GC heap after
Heap after GC invocations=20 (full 0):
 PSYoungGen      total 118784K, used 96K [0x0000000757d80000, 0x0000000762380000, 0x00000007c0000000)
  eden space 118272K, 0% used [0x0000000757d80000,0x0000000757d80000,0x000000075f100000)
  from space 512K, 18% used [0x0000000762300000,0x0000000762318000,0x0000000762380000)
  to   space 5120K, 0% used [0x0000000761980000,0x0000000761980000,0x0000000761e80000)
 ParOldGen       total 65536K, used 5609K [0x0000000687800000, 0x000000068b800000, 0x0000000757d80000)
  object space 65536K, 8% used [0x0000000687800000,0x0000000687d7a738,0x000000068b800000)
 Metaspace       used 12215K, capacity 12432K, committed 12672K, reserved 1060864K
  class space    used 1290K, capacity 1373K, committed 1408K, reserved 1048576K
}
Event: 41.826 GC heap before
{Heap before GC invocations=21 (full 0):
 PSYoungGen      total 118784K, used 118368K [0x0000000757d80000, 0x0000000762380000, 0x00000007c0000000)
  eden space 118272K, 100% used [0x0000000757d80000,0x000000075f100000,0x000000075f100000)
  from space 512K, 18% used [0x0000000762300000,0x0000000762318000,0x0000000762380000)
  to   space 5120K, 0% used [0x0000000761980000,0x0000000761980000,0x0000000761e80000)
 ParOldGen       total 65536K, used 5609K [0x0000000687800000, 0x000000068b800000, 0x0000000757d80000)
  object space 65536K, 8% used [0x0000000687800000,0x0000000687d7a738,0x000000068b800000)
 Metaspace       used 12215K, capacity 12432K, committed 12672K, reserved 1060864K
  class space    used 1290K, capacity 1373K, committed 1408K, reserved 1048576K
Event: 41.828 GC heap after
Heap after GC invocations=21 (full 0):
 PSYoungGen      total 118784K, used 128K [0x0000000757d80000, 0x0000000762380000, 0x00000007c0000000)
  eden space 113664K, 0% used [0x0000000757d80000,0x0000000757d80000,0x000000075ec80000)
  from space 5120K, 2% used [0x0000000761980000,0x00000007619a0000,0x0000000761e80000)
  to   space 4608K, 0% used [0x0000000761f00000,0x0000000761f00000,0x0000000762380000)
 ParOldGen       total 65536K, used 5681K [0x0000000687800000, 0x000000068b800000, 0x0000000757d80000)
  object space 65536K, 8% used [0x0000000687800000,0x0000000687d8c738,0x000000068b800000)
 Metaspace       used 12215K, capacity 12432K, committed 12672K, reserved 1060864K
  class space    used 1290K, capacity 1373K, committed 1408K, reserved 1048576K
}

