# JRE version: Java(TM) SE Runtime Environment (8.0_73-b02) (build 1.8.0_73-b02)
# Java VM: Java HotSpot(TM) 64-Bit Server VM (25.73-b02 mixed mode windows-amd64 compressed oops)
Heap:
 PSYoungGen      total 28160K, used 24404K [0x0000000757d80000, 0x000000075c700000, 0x00000007c0000000)
  eden space 27648K, 87% used [0x0000000757d80000,0x000000075953d020,0x0000000759880000)
  from space 512K, 18% used [0x000000075c680000,0x000000075c698000,0x000000075c700000)
  to   space 512K, 0% used [0x000000075c600000,0x000000075c600000,0x000000075c680000)
 ParOldGen       total 65536K, used 7044K [0x0000000687800000, 0x000000068b800000, 0x0000000757d80000)
  object space 65536K, 10% used [0x0000000687800000,0x0000000687ee11b0,0x000000068b800000)
 Metaspace       used 12141K, capacity 12368K, committed 12672K, reserved 1060864K
  class space    used 1281K, capacity 1373K, committed 1408K, reserved 1048576K
GC Heap History (10 events):
Event: 100.628 GC heap before
{Heap before GC invocations=92 (full 0):
 PSYoungGen      total 26112K, used 25664K [0x0000000757d80000, 0x000000075c700000, 0x00000007c0000000)
  eden space 25600K, 100% used [0x0000000757d80000,0x0000000759680000,0x0000000759680000)
  from space 512K, 12% used [0x000000075c600000,0x000000075c610000,0x000000075c680000)
  to   space 512K, 0% used [0x000000075c680000,0x000000075c680000,0x000000075c700000)
 ParOldGen       total 65536K, used 6922K [0x0000000687800000, 0x000000068b800000, 0x0000000757d80000)
  object space 65536K, 10% used [0x0000000687800000,0x0000000687ec29c8,0x000000068b800000)
 Metaspace       used 12121K, capacity 12368K, committed 12672K, reserved 1060864K
  class space    used 1281K, capacity 1373K, committed 1408K, reserved 1048576K
Event: 100.636 GC heap after
Heap after GC invocations=92 (full 0):
 PSYoungGen      total 31232K, used 64K [0x0000000757d80000, 0x000000075c700000, 0x00000007c0000000)
  eden space 30720K, 0% used [0x0000000757d80000,0x0000000757d80000,0x0000000759b80000)
  from space 512K, 12% used [0x000000075c680000,0x000000075c690000,0x000000075c700000)
  to   space 512K, 0% used [0x000000075c600000,0x000000075c600000,0x000000075c680000)
 ParOldGen       total 65536K, used 6930K [0x0000000687800000, 0x000000068b800000, 0x0000000757d80000)
  object space 65536K, 10% used [0x0000000687800000,0x0000000687ec49c8,0x000000068b800000)
 Metaspace       used 12121K, capacity 12368K, committed 12672K, reserved 1060864K
  class space    used 1281K, capacity 1373K, committed 1408K, reserved 1048576K
}
Event: 100.932 GC heap before
{Heap before GC invocations=93 (full 0):
 PSYoungGen      total 31232K, used 30784K [0x0000000757d80000, 0x000000075c700000, 0x00000007c0000000)
  eden space 30720K, 100% used [0x0000000757d80000,0x0000000759b80000,0x0000000759b80000)
  from space 512K, 12% used [0x000000075c680000,0x000000075c690000,0x000000075c700000)
  to   space 512K, 0% used [0x000000075c600000,0x000000075c600000,0x000000075c680000)
 ParOldGen       total 65536K, used 6930K [0x0000000687800000, 0x000000068b800000, 0x0000000757d80000)
  object space 65536K, 10% used [0x0000000687800000,0x0000000687ec49c8,0x000000068b800000)
 Metaspace       used 12121K, capacity 12368K, committed 12672K, reserved 1060864K
  class space    used 1281K, capacity 1373K, committed 1408K, reserved 1048576K
Event: 100.933 GC heap after
Heap after GC invocations=93 (full 0):
 PSYoungGen      total 30720K, used 128K [0x0000000757d80000, 0x000000075c700000, 0x00000007c0000000)
  eden space 30208K, 0% used [0x0000000757d80000,0x0000000757d80000,0x0000000759b00000)
  from space 512K, 25% used [0x000000075c600000,0x000000075c620000,0x000000075c680000)
  to   space 512K, 0% used [0x000000075c680000,0x000000075c680000,0x000000075c700000)
 ParOldGen       total 65536K, used 6954K [0x0000000687800000, 0x000000068b800000, 0x0000000757d80000)
  object space 65536K, 10% used [0x0000000687800000,0x0000000687eca9c8,0x000000068b800000)
 Metaspace       used 12121K, capacity 12368K, committed 12672K, reserved 1060864K
  class space    used 1281K, capacity 1373K, committed 1408K, reserved 1048576K
}
Event: 101.283 GC heap before
{Heap before GC invocations=94 (full 0):
 PSYoungGen      total 30720K, used 30336K [0x0000000757d80000, 0x000000075c700000, 0x00000007c0000000)
  eden space 30208K, 100% used [0x0000000757d80000,0x0000000759b00000,0x0000000759b00000)
  from space 512K, 25% used [0x000000075c600000,0x000000075c620000,0x000000075c680000)
  to   space 512K, 0% used [0x000000075c680000,0x000000075c680000,0x000000075c700000)
 ParOldGen       total 65536K, used 6954K [0x0000000687800000, 0x000000068b800000, 0x0000000757d80000)
  object space 65536K, 10% used [0x0000000687800000,0x0000000687eca9c8,0x000000068b800000)
 Metaspace       used 12122K, capacity 12368K, committed 12672K, reserved 1060864K
  class space    used 1281K, capacity 1373K, committed 1408K, reserved 1048576K
Event: 101.284 GC heap after
Heap after GC invocations=94 (full 0):
 PSYoungGen      total 30208K, used 64K [0x0000000757d80000, 0x000000075c700000, 0x00000007c0000000)
  eden space 29696K, 0% used [0x0000000757d80000,0x0000000757d80000,0x0000000759a80000)
  from space 512K, 12% used [0x000000075c680000,0x000000075c690000,0x000000075c700000)
  to   space 512K, 0% used [0x000000075c600000,0x000000075c600000,0x000000075c680000)
 ParOldGen       total 65536K, used 6962K [0x0000000687800000, 0x000000068b800000, 0x0000000757d80000)
  object space 65536K, 10% used [0x0000000687800000,0x0000000687ecc9c8,0x000000068b800000)
 Metaspace       used 12122K, capacity 12368K, committed 12672K, reserved 1060864K
  class space    used 1281K, capacity 1373K, committed 1408K, reserved 1048576K
}
Event: 101.581 GC heap before
{Heap before GC invocations=95 (full 0):
 PSYoungGen      total 30208K, used 29760K [0x0000000757d80000, 0x000000075c700000, 0x00000007c0000000)
  eden space 29696K, 100% used [0x0000000757d80000,0x0000000759a80000,0x0000000759a80000)
  from space 512K, 12% used [0x000000075c680000,0x000000075c690000,0x000000075c700000)
  to   space 512K, 0% used [0x000000075c600000,0x000000075c600000,0x000000075c680000)
 ParOldGen       total 65536K, used 6962K [0x0000000687800000, 0x000000068b800000, 0x0000000757d80000)
  object space 65536K, 10% used [0x0000000687800000,0x0000000687ecc9f0,0x000000068b800000)
 Metaspace       used 12125K, capacity 12368K, committed 12672K, reserved 1060864K
  class space    used 1281K, capacity 1373K, committed 1408K, reserved 1048576K
Event: 101.582 GC heap after
Heap after GC invocations=95 (full 0):
 PSYoungGen      total 29696K, used 96K [0x0000000757d80000, 0x000000075c700000, 0x00000007c0000000)
  eden space 29184K, 0% used [0x0000000757d80000,0x0000000757d80000,0x0000000759a00000)
  from space 512K, 18% used [0x000000075c600000,0x000000075c618000,0x000000075c680000)
  to   space 512K, 0% used [0x000000075c680000,0x000000075c680000,0x000000075c700000)
 ParOldGen       total 65536K, used 6986K [0x0000000687800000, 0x000000068b800000, 0x0000000757d80000)
  object space 65536K, 10% used [0x0000000687800000,0x0000000687ed29f0,0x000000068b800000)
 Metaspace       used 12125K, capacity 12368K, committed 12672K, reserved 1060864K
  class space    used 1281K, capacity 1373K, committed 1408K, reserved 1048576K
}
Event: 101.872 GC heap before
{Heap before GC invocations=96 (full 0):
 PSYoungGen      total 29696K, used 29280K [0x0000000757d80000, 0x000000075c700000, 0x00000007c0000000)
  eden space 29184K, 100% used [0x0000000757d80000,0x0000000759a00000,0x0000000759a00000)
  from space 512K, 18% used [0x000000075c600000,0x000000075c618000,0x000000075c680000)
  to   space 512K, 0% used [0x000000075c680000,0x000000075c680000,0x000000075c700000)
 ParOldGen       total 65536K, used 6988K [0x0000000687800000, 0x000000068b800000, 0x0000000757d80000)
  object space 65536K, 10% used [0x0000000687800000,0x0000000687ed31b0,0x000000068b800000)
 Metaspace       used 12125K, capacity 12368K, committed 12672K, reserved 1060864K
  class space    used 1281K, capacity 1373K, committed 1408K, reserved 1048576K
Event: 101.873 GC heap after
Heap after GC invocations=96 (full 0):
 PSYoungGen      total 29184K, used 128K [0x0000000757d80000, 0x000000075c700000, 0x00000007c0000000)
  eden space 28672K, 0% used [0x0000000757d80000,0x0000000757d80000,0x0000000759980000)
  from space 512K, 25% used [0x000000075c680000,0x000000075c6a0000,0x000000075c700000)
  to   space 512K, 0% used [0x000000075c600000,0x000000075c600000,0x000000075c680000)
 ParOldGen       total 65536K, used 7020K [0x0000000687800000, 0x000000068b800000, 0x0000000757d80000)
  object space 65536K, 10% used [0x0000000687800000,0x0000000687edb1b0,0x000000068b800000)
 Metaspace       used 12125K, capacity 12368K, committed 12672K, reserved 1060864K
  class space    used 1281K, capacity 1373K, committed 1408K, reserved 1048576K
}

