# JRE version: Java(TM) SE Runtime Environment (8.0_73-b02) (build 1.8.0_73-b02)
# Java VM: Java HotSpot(TM) 64-Bit Server VM (25.73-b02 mixed mode windows-amd64 compressed oops)
Heap:
 PSYoungGen      total 31232K, used 6931K [0x0000000757d80000, 0x000000075dc80000, 0x00000007c0000000)
  eden space 30720K, 21% used [0x0000000757d80000,0x00000007583fcc68,0x0000000759b80000)
  from space 512K, 56% used [0x000000075db80000,0x000000075dbc8000,0x000000075dc00000)
  to   space 512K, 0% used [0x000000075dc00000,0x000000075dc00000,0x000000075dc80000)
 ParOldGen       total 65536K, used 14213K [0x0000000687800000, 0x000000068b800000, 0x0000000757d80000)
  object space 65536K, 21% used [0x0000000687800000,0x00000006885e16c8,0x000000068b800000)
 Metaspace       used 12208K, capacity 12460K, committed 12672K, reserved 1060864K
  class space    used 1292K, capacity 1377K, committed 1408K, reserved 1048576K
GC Heap History (10 events):
Event: 79.314 GC heap before
{Heap before GC invocations=119 (full 0):
 PSYoungGen      total 33792K, used 33536K [0x0000000757d80000, 0x000000075dc80000, 0x00000007c0000000)
  eden space 33280K, 100% used [0x0000000757d80000,0x0000000759e00000,0x0000000759e00000)
  from space 512K, 50% used [0x000000075dc00000,0x000000075dc40000,0x000000075dc80000)
  to   space 512K, 0% used [0x000000075db80000,0x000000075db80000,0x000000075dc00000)
 ParOldGen       total 65536K, used 12559K [0x0000000687800000, 0x000000068b800000, 0x0000000757d80000)
  object space 65536K, 19% used [0x0000000687800000,0x0000000688443f28,0x000000068b800000)
 Metaspace       used 12208K, capacity 12460K, committed 12672K, reserved 1060864K
  class space    used 1292K, capacity 1377K, committed 1408K, reserved 1048576K
Event: 79.317 GC heap after
Heap after GC invocations=119 (full 0):
 PSYoungGen      total 33280K, used 320K [0x0000000757d80000, 0x000000075dc80000, 0x00000007c0000000)
  eden space 32768K, 0% used [0x0000000757d80000,0x0000000757d80000,0x0000000759d80000)
  from space 512K, 62% used [0x000000075db80000,0x000000075dbd0000,0x000000075dc00000)
  to   space 512K, 0% used [0x000000075dc00000,0x000000075dc00000,0x000000075dc80000)
 ParOldGen       total 65536K, used 13077K [0x0000000687800000, 0x000000068b800000, 0x0000000757d80000)
  object space 65536K, 19% used [0x0000000687800000,0x00000006884c56c8,0x000000068b800000)
 Metaspace       used 12208K, capacity 12460K, committed 12672K, reserved 1060864K
  class space    used 1292K, capacity 1377K, committed 1408K, reserved 1048576K
}
Event: 80.574 GC heap before
{Heap before GC invocations=120 (full 0):
 PSYoungGen      total 33280K, used 33088K [0x0000000757d80000, 0x000000075dc80000, 0x00000007c0000000)
  eden space 32768K, 100% used [0x0000000757d80000,0x0000000759d80000,0x0000000759d80000)
  from space 512K, 62% used [0x000000075db80000,0x000000075dbd0000,0x000000075dc00000)
  to   space 512K, 0% used [0x000000075dc00000,0x000000075dc00000,0x000000075dc80000)
 ParOldGen       total 65536K, used 13077K [0x0000000687800000, 0x000000068b800000, 0x0000000757d80000)
  object space 65536K, 19% used [0x0000000687800000,0x00000006884c56c8,0x000000068b800000)
 Metaspace       used 12208K, capacity 12460K, committed 12672K, reserved 1060864K
  class space    used 1292K, capacity 1377K, committed 1408K, reserved 1048576K
Event: 80.575 GC heap after
Heap after GC invocations=120 (full 0):
 PSYoungGen      total 32768K, used 320K [0x0000000757d80000, 0x000000075dc80000, 0x00000007c0000000)
  eden space 32256K, 0% used [0x0000000757d80000,0x0000000757d80000,0x0000000759d00000)
  from space 512K, 62% used [0x000000075dc00000,0x000000075dc50000,0x000000075dc80000)
  to   space 512K, 0% used [0x000000075db80000,0x000000075db80000,0x000000075dc00000)
 ParOldGen       total 65536K, used 13381K [0x0000000687800000, 0x000000068b800000, 0x0000000757d80000)
  object space 65536K, 20% used [0x0000000687800000,0x00000006885116c8,0x000000068b800000)
 Metaspace       used 12208K, capacity 12460K, committed 12672K, reserved 1060864K
  class space    used 1292K, capacity 1377K, committed 1408K, reserved 1048576K
}
Event: 81.803 GC heap before
{Heap before GC invocations=121 (full 0):
 PSYoungGen      total 32768K, used 32576K [0x0000000757d80000, 0x000000075dc80000, 0x00000007c0000000)
  eden space 32256K, 100% used [0x0000000757d80000,0x0000000759d00000,0x0000000759d00000)
  from space 512K, 62% used [0x000000075dc00000,0x000000075dc50000,0x000000075dc80000)
  to   space 512K, 0% used [0x000000075db80000,0x000000075db80000,0x000000075dc00000)
 ParOldGen       total 65536K, used 13381K [0x0000000687800000, 0x000000068b800000, 0x0000000757d80000)
  object space 65536K, 20% used [0x0000000687800000,0x00000006885116c8,0x000000068b800000)
 Metaspace       used 12208K, capacity 12460K, committed 12672K, reserved 1060864K
  class space    used 1292K, capacity 1377K, committed 1408K, reserved 1048576K
Event: 81.805 GC heap after
Heap after GC invocations=121 (full 0):
 PSYoungGen      total 32256K, used 320K [0x0000000757d80000, 0x000000075dc80000, 0x00000007c0000000)
  eden space 31744K, 0% used [0x0000000757d80000,0x0000000757d80000,0x0000000759c80000)
  from space 512K, 62% used [0x000000075db80000,0x000000075dbd0000,0x000000075dc00000)
  to   space 512K, 0% used [0x000000075dc00000,0x000000075dc00000,0x000000075dc80000)
 ParOldGen       total 65536K, used 13661K [0x0000000687800000, 0x000000068b800000, 0x0000000757d80000)
  object space 65536K, 20% used [0x0000000687800000,0x00000006885576c8,0x000000068b800000)
 Metaspace       used 12208K, capacity 12460K, committed 12672K, reserved 1060864K
  class space    used 1292K, capacity 1377K, committed 1408K, reserved 1048576K
}
Event: 83.014 GC heap before
{Heap before GC invocations=122 (full 0):
 PSYoungGen      total 32256K, used 32064K [0x0000000757d80000, 0x000000075dc80000, 0x00000007c0000000)
  eden space 31744K, 100% used [0x0000000757d80000,0x0000000759c80000,0x0000000759c80000)
  from space 512K, 62% used [0x000000075db80000,0x000000075dbd0000,0x000000075dc00000)
  to   space 512K, 0% used [0x000000075dc00000,0x000000075dc00000,0x000000075dc80000)
 ParOldGen       total 65536K, used 13661K [0x0000000687800000, 0x000000068b800000, 0x0000000757d80000)
  object space 65536K, 20% used [0x0000000687800000,0x00000006885576c8,0x000000068b800000)
 Metaspace       used 12208K, capacity 12460K, committed 12672K, reserved 1060864K
  class space    used 1292K, capacity 1377K, committed 1408K, reserved 1048576K
Event: 83.016 GC heap after
Heap after GC invocations=122 (full 0):
 PSYoungGen      total 31744K, used 288K [0x0000000757d80000, 0x000000075dc80000, 0x00000007c0000000)
  eden space 31232K, 0% used [0x0000000757d80000,0x0000000757d80000,0x0000000759c00000)
  from space 512K, 56% used [0x000000075dc00000,0x000000075dc48000,0x000000075dc80000)
  to   space 512K, 0% used [0x000000075db80000,0x000000075db80000,0x000000075dc00000)
 ParOldGen       total 65536K, used 13933K [0x0000000687800000, 0x000000068b800000, 0x0000000757d80000)
  object space 65536K, 21% used [0x0000000687800000,0x000000068859b6c8,0x000000068b800000)
 Metaspace       used 12208K, capacity 12460K, committed 12672K, reserved 1060864K
  class space    used 1292K, capacity 1377K, committed 1408K, reserved 1048576K
}
Event: 83.869 GC heap before
{Heap before GC invocations=123 (full 0):
 PSYoungGen      total 31744K, used 31520K [0x0000000757d80000, 0x000000075dc80000, 0x00000007c0000000)
  eden space 31232K, 100% used [0x0000000757d80000,0x0000000759c00000,0x0000000759c00000)
  from space 512K, 56% used [0x000000075dc00000,0x000000075dc48000,0x000000075dc80000)
  to   space 512K, 0% used [0x000000075db80000,0x000000075db80000,0x000000075dc00000)
 ParOldGen       total 65536K, used 13933K [0x0000000687800000, 0x000000068b800000, 0x0000000757d80000)
  object space 65536K, 21% used [0x0000000687800000,0x000000068859b6c8,0x000000068b800000)
 Metaspace       used 12208K, capacity 12460K, committed 12672K, reserved 1060864K
  class space    used 1292K, capacity 1377K, committed 1408K, reserved 1048576K
Event: 83.872 GC heap after
Heap after GC invocations=123 (full 0):
 PSYoungGen      total 31232K, used 288K [0x0000000757d80000, 0x000000075dc80000, 0x00000007c0000000)
  eden space 30720K, 0% used [0x0000000757d80000,0x0000000757d80000,0x0000000759b80000)
  from space 512K, 56% used [0x000000075db80000,0x000000075dbc8000,0x000000075dc00000)
  to   space 512K, 0% used [0x000000075dc00000,0x000000075dc00000,0x000000075dc80000)
 ParOldGen       total 65536K, used 14213K [0x0000000687800000, 0x000000068b800000, 0x0000000757d80000)
  object space 65536K, 21% used [0x0000000687800000,0x00000006885e16c8,0x000000068b800000)
 Metaspace       used 12208K, capacity 12460K, committed 12672K, reserved 1060864K
  class space    used 1292K, capacity 1377K, committed 1408K, reserved 1048576K
}

