# JRE version: Java(TM) SE Runtime Environment (8.0_73-b02) (build 1.8.0_73-b02)
# Java VM: Java HotSpot(TM) 64-Bit Server VM (25.73-b02 mixed mode windows-amd64 compressed oops)
Heap:
 PSYoungGen      total 122368K, used 30767K [0x0000000757d80000, 0x000000078b280000, 0x00000007c0000000)
  eden space 121856K, 25% used [0x0000000757d80000,0x0000000759b7bec0,0x000000075f480000)
  from space 512K, 12% used [0x000000078b200000,0x000000078b210000,0x000000078b280000)
  to   space 512K, 0% used [0x000000078b180000,0x000000078b180000,0x000000078b200000)
 ParOldGen       total 34816K, used 27452K [0x0000000687800000, 0x0000000689a00000, 0x0000000757d80000)
  object space 34816K, 78% used [0x0000000687800000,0x00000006892cf3f0,0x0000000689a00000)
 Metaspace       used 12290K, capacity 12558K, committed 12672K, reserved 1060864K
  class space    used 1302K, capacity 1372K, committed 1408K, reserved 1048576K
GC Heap History (10 events):
Event: 594.645 GC heap before
{Heap before GC invocations=2704 (full 1):
 PSYoungGen      total 157184K, used 156736K [0x0000000757d80000, 0x000000078b280000, 0x00000007c0000000)
  eden space 156672K, 100% used [0x0000000757d80000,0x0000000761680000,0x0000000761680000)
  from space 512K, 12% used [0x000000078b200000,0x000000078b210000,0x000000078b280000)
  to   space 512K, 0% used [0x000000078b180000,0x000000078b180000,0x000000078b200000)
 ParOldGen       total 34816K, used 27308K [0x0000000687800000, 0x0000000689a00000, 0x0000000757d80000)
  object space 34816K, 78% used [0x0000000687800000,0x00000006892ab3f0,0x0000000689a00000)
 Metaspace       used 12290K, capacity 12558K, committed 12672K, reserved 1060864K
  class space    used 1302K, capacity 1372K, committed 1408K, reserved 1048576K
Event: 594.646 GC heap after
Heap after GC invocations=2704 (full 1):
 PSYoungGen      total 150528K, used 96K [0x0000000757d80000, 0x000000078b280000, 0x00000007c0000000)
  eden space 150016K, 0% used [0x0000000757d80000,0x0000000757d80000,0x0000000761000000)
  from space 512K, 18% used [0x000000078b180000,0x000000078b198000,0x000000078b200000)
  to   space 512K, 0% used [0x000000078b200000,0x000000078b200000,0x000000078b280000)
 ParOldGen       total 34816K, used 27324K [0x0000000687800000, 0x0000000689a00000, 0x0000000757d80000)
  object space 34816K, 78% used [0x0000000687800000,0x00000006892af3f0,0x0000000689a00000)
 Metaspace       used 12290K, capacity 12558K, committed 12672K, reserved 1060864K
  class space    used 1302K, capacity 1372K, committed 1408K, reserved 1048576K
}
Event: 595.013 GC heap before
{Heap before GC invocations=2705 (full 1):
 PSYoungGen      total 150528K, used 150112K [0x0000000757d80000, 0x000000078b280000, 0x00000007c0000000)
  eden space 150016K, 100% used [0x0000000757d80000,0x0000000761000000,0x0000000761000000)
  from space 512K, 18% used [0x000000078b180000,0x000000078b198000,0x000000078b200000)
  to   space 512K, 0% used [0x000000078b200000,0x000000078b200000,0x000000078b280000)
 ParOldGen       total 34816K, used 27324K [0x0000000687800000, 0x0000000689a00000, 0x0000000757d80000)
  object space 34816K, 78% used [0x0000000687800000,0x00000006892af3f0,0x0000000689a00000)
 Metaspace       used 12290K, capacity 12558K, committed 12672K, reserved 1060864K
  class space    used 1302K, capacity 1372K, committed 1408K, reserved 1048576K
Event: 595.014 GC heap after
Heap after GC invocations=2705 (full 1):
 PSYoungGen      total 144384K, used 128K [0x0000000757d80000, 0x000000078b280000, 0x00000007c0000000)
  eden space 143872K, 0% used [0x0000000757d80000,0x0000000757d80000,0x0000000760a00000)
  from space 512K, 25% used [0x000000078b200000,0x000000078b220000,0x000000078b280000)
  to   space 512K, 0% used [0x000000078b180000,0x000000078b180000,0x000000078b200000)
 ParOldGen       total 34816K, used 27356K [0x0000000687800000, 0x0000000689a00000, 0x0000000757d80000)
  object space 34816K, 78% used [0x0000000687800000,0x00000006892b73f0,0x0000000689a00000)
 Metaspace       used 12290K, capacity 12558K, committed 12672K, reserved 1060864K
  class space    used 1302K, capacity 1372K, committed 1408K, reserved 1048576K
}
Event: 595.344 GC heap before
{Heap before GC invocations=2706 (full 1):
 PSYoungGen      total 144384K, used 144000K [0x0000000757d80000, 0x000000078b280000, 0x00000007c0000000)
  eden space 143872K, 100% used [0x0000000757d80000,0x0000000760a00000,0x0000000760a00000)
  from space 512K, 25% used [0x000000078b200000,0x000000078b220000,0x000000078b280000)
  to   space 512K, 0% used [0x000000078b180000,0x000000078b180000,0x000000078b200000)
 ParOldGen       total 34816K, used 27356K [0x0000000687800000, 0x0000000689a00000, 0x0000000757d80000)
  object space 34816K, 78% used [0x0000000687800000,0x00000006892b73f0,0x0000000689a00000)
 Metaspace       used 12290K, capacity 12558K, committed 12672K, reserved 1060864K
  class space    used 1302K, capacity 1372K, committed 1408K, reserved 1048576K
Event: 595.345 GC heap after
Heap after GC invocations=2706 (full 1):
 PSYoungGen      total 138240K, used 128K [0x0000000757d80000, 0x000000078b280000, 0x00000007c0000000)
  eden space 137728K, 0% used [0x0000000757d80000,0x0000000757d80000,0x0000000760400000)
  from space 512K, 25% used [0x000000078b180000,0x000000078b1a0000,0x000000078b200000)
  to   space 512K, 0% used [0x000000078b200000,0x000000078b200000,0x000000078b280000)
 ParOldGen       total 34816K, used 27388K [0x0000000687800000, 0x0000000689a00000, 0x0000000757d80000)
  object space 34816K, 78% used [0x0000000687800000,0x00000006892bf3f0,0x0000000689a00000)
 Metaspace       used 12290K, capacity 12558K, committed 12672K, reserved 1060864K
  class space    used 1302K, capacity 1372K, committed 1408K, reserved 1048576K
}
Event: 595.665 GC heap before
{Heap before GC invocations=2707 (full 1):
 PSYoungGen      total 138240K, used 137856K [0x0000000757d80000, 0x000000078b280000, 0x00000007c0000000)
  eden space 137728K, 100% used [0x0000000757d80000,0x0000000760400000,0x0000000760400000)
  from space 512K, 25% used [0x000000078b180000,0x000000078b1a0000,0x000000078b200000)
  to   space 512K, 0% used [0x000000078b200000,0x000000078b200000,0x000000078b280000)
 ParOldGen       total 34816K, used 27388K [0x0000000687800000, 0x0000000689a00000, 0x0000000757d80000)
  object space 34816K, 78% used [0x0000000687800000,0x00000006892bf3f0,0x0000000689a00000)
 Metaspace       used 12290K, capacity 12558K, committed 12672K, reserved 1060864K
  class space    used 1302K, capacity 1372K, committed 1408K, reserved 1048576K
Event: 595.666 GC heap after
Heap after GC invocations=2707 (full 1):
 PSYoungGen      total 132608K, used 96K [0x0000000757d80000, 0x000000078b280000, 0x00000007c0000000)
  eden space 132096K, 0% used [0x0000000757d80000,0x0000000757d80000,0x000000075fe80000)
  from space 512K, 18% used [0x000000078b200000,0x000000078b218000,0x000000078b280000)
  to   space 512K, 0% used [0x000000078b180000,0x000000078b180000,0x000000078b200000)
 ParOldGen       total 34816K, used 27412K [0x0000000687800000, 0x0000000689a00000, 0x0000000757d80000)
  object space 34816K, 78% used [0x0000000687800000,0x00000006892c53f0,0x0000000689a00000)
 Metaspace       used 12290K, capacity 12558K, committed 12672K, reserved 1060864K
  class space    used 1302K, capacity 1372K, committed 1408K, reserved 1048576K
}
Event: 595.989 GC heap before
{Heap before GC invocations=2708 (full 1):
 PSYoungGen      total 132608K, used 132192K [0x0000000757d80000, 0x000000078b280000, 0x00000007c0000000)
  eden space 132096K, 100% used [0x0000000757d80000,0x000000075fe80000,0x000000075fe80000)
  from space 512K, 18% used [0x000000078b200000,0x000000078b218000,0x000000078b280000)
  to   space 512K, 0% used [0x000000078b180000,0x000000078b180000,0x000000078b200000)
 ParOldGen       total 34816K, used 27412K [0x0000000687800000, 0x0000000689a00000, 0x0000000757d80000)
  object space 34816K, 78% used [0x0000000687800000,0x00000006892c53f0,0x0000000689a00000)
 Metaspace       used 12290K, capacity 12558K, committed 12672K, reserved 1060864K
  class space    used 1302K, capacity 1372K, committed 1408K, reserved 1048576K
Event: 595.990 GC heap after
Heap after GC invocations=2708 (full 1):
 PSYoungGen      total 127488K, used 96K [0x0000000757d80000, 0x000000078b280000, 0x00000007c0000000)
  eden space 126976K, 0% used [0x0000000757d80000,0x0000000757d80000,0x000000075f980000)
  from space 512K, 18% used [0x000000078b180000,0x000000078b198000,0x000000078b200000)
  to   space 512K, 0% used [0x000000078b200000,0x000000078b200000,0x000000078b280000)
 ParOldGen       total 34816K, used 27436K [0x0000000687800000, 0x0000000689a00000, 0x0000000757d80000)
  object space 34816K, 78% used [0x0000000687800000,0x00000006892cb3f0,0x0000000689a00000)
 Metaspace       used 12290K, capacity 12558K, committed 12672K, reserved 1060864K
  class space    used 1302K, capacity 1372K, committed 1408K, reserved 1048576K
}

