# JRE version: Java(TM) SE Runtime Environment (8.0_73-b02) (build 1.8.0_73-b02)
# Java VM: Java HotSpot(TM) 64-Bit Server VM (25.73-b02 mixed mode windows-amd64 compressed oops)
Heap:
 PSYoungGen      total 164864K, used 1651K [0x0000000757d80000, 0x0000000772400000, 0x00000007c0000000)
  eden space 164352K, 0% used [0x0000000757d80000,0x0000000757ed4df0,0x0000000761e00000)
  from space 512K, 56% used [0x0000000772380000,0x00000007723c8000,0x0000000772400000)
  to   space 512K, 0% used [0x0000000772300000,0x0000000772300000,0x0000000772380000)
 ParOldGen       total 80896K, used 57363K [0x0000000687800000, 0x000000068c700000, 0x0000000757d80000)
  object space 80896K, 70% used [0x0000000687800000,0x000000068b004f08,0x000000068c700000)
 Metaspace       used 12049K, capacity 12296K, committed 12416K, reserved 1060864K
  class space    used 1287K, capacity 1373K, committed 1408K, reserved 1048576K
GC Heap History (10 events):
Event: 132.945 GC heap before
{Heap before GC invocations=292 (full 1):
 PSYoungGen      total 90624K, used 90272K [0x0000000757d80000, 0x0000000772400000, 0x00000007c0000000)
  eden space 90112K, 100% used [0x0000000757d80000,0x000000075d580000,0x000000075d580000)
  from space 512K, 31% used [0x0000000772380000,0x00000007723a8000,0x0000000772400000)
  to   space 512K, 0% used [0x0000000772300000,0x0000000772300000,0x0000000772380000)
 ParOldGen       total 80896K, used 56431K [0x0000000687800000, 0x000000068c700000, 0x0000000757d80000)
  object space 80896K, 69% used [0x0000000687800000,0x000000068af1bf78,0x000000068c700000)
 Metaspace       used 12049K, capacity 12296K, committed 12416K, reserved 1060864K
  class space    used 1287K, capacity 1373K, committed 1408K, reserved 1048576K
Event: 132.946 GC heap after
Heap after GC invocations=292 (full 1):
 PSYoungGen      total 87552K, used 160K [0x0000000757d80000, 0x0000000772400000, 0x00000007c0000000)
  eden space 87040K, 0% used [0x0000000757d80000,0x0000000757d80000,0x000000075d280000)
  from space 512K, 31% used [0x0000000772300000,0x0000000772328000,0x0000000772380000)
  to   space 512K, 0% used [0x0000000772380000,0x0000000772380000,0x0000000772400000)
 ParOldGen       total 80896K, used 56551K [0x0000000687800000, 0x000000068c700000, 0x0000000757d80000)
  object space 80896K, 69% used [0x0000000687800000,0x000000068af39f78,0x000000068c700000)
 Metaspace       used 12049K, capacity 12296K, committed 12416K, reserved 1060864K
  class space    used 1287K, capacity 1373K, committed 1408K, reserved 1048576K
}
Event: 133.236 GC heap before
{Heap before GC invocations=293 (full 1):
 PSYoungGen      total 87552K, used 87200K [0x0000000757d80000, 0x0000000772400000, 0x00000007c0000000)
  eden space 87040K, 100% used [0x0000000757d80000,0x000000075d280000,0x000000075d280000)
  from space 512K, 31% used [0x0000000772300000,0x0000000772328000,0x0000000772380000)
  to   space 512K, 0% used [0x0000000772380000,0x0000000772380000,0x0000000772400000)
 ParOldGen       total 80896K, used 56553K [0x0000000687800000, 0x000000068c700000, 0x0000000757d80000)
  object space 80896K, 69% used [0x0000000687800000,0x000000068af3a6f0,0x000000068c700000)
 Metaspace       used 12049K, capacity 12296K, committed 12416K, reserved 1060864K
  class space    used 1287K, capacity 1373K, committed 1408K, reserved 1048576K
Event: 133.253 GC heap after
Heap after GC invocations=293 (full 1):
 PSYoungGen      total 103936K, used 192K [0x0000000757d80000, 0x0000000772400000, 0x00000007c0000000)
  eden space 103424K, 0% used [0x0000000757d80000,0x0000000757d80000,0x000000075e280000)
  from space 512K, 37% used [0x0000000772380000,0x00000007723b0000,0x0000000772400000)
  to   space 512K, 0% used [0x0000000772300000,0x0000000772300000,0x0000000772380000)
 ParOldGen       total 80896K, used 56681K [0x0000000687800000, 0x000000068c700000, 0x0000000757d80000)
  object space 80896K, 70% used [0x0000000687800000,0x000000068af5a6f0,0x000000068c700000)
 Metaspace       used 12049K, capacity 12296K, committed 12416K, reserved 1060864K
  class space    used 1287K, capacity 1373K, committed 1408K, reserved 1048576K
}
Event: 133.597 GC heap before
{Heap before GC invocations=294 (full 1):
 PSYoungGen      total 103936K, used 103616K [0x0000000757d80000, 0x0000000772400000, 0x00000007c0000000)
  eden space 103424K, 100% used [0x0000000757d80000,0x000000075e280000,0x000000075e280000)
  from space 512K, 37% used [0x0000000772380000,0x00000007723b0000,0x0000000772400000)
  to   space 512K, 0% used [0x0000000772300000,0x0000000772300000,0x0000000772380000)
 ParOldGen       total 80896K, used 56681K [0x0000000687800000, 0x000000068c700000, 0x0000000757d80000)
  object space 80896K, 70% used [0x0000000687800000,0x000000068af5a718,0x000000068c700000)
 Metaspace       used 12049K, capacity 12296K, committed 12416K, reserved 1060864K
  class space    used 1287K, capacity 1373K, committed 1408K, reserved 1048576K
Event: 133.598 GC heap after
Heap after GC invocations=294 (full 1):
 PSYoungGen      total 123392K, used 224K [0x0000000757d80000, 0x0000000772400000, 0x00000007c0000000)
  eden space 122880K, 0% used [0x0000000757d80000,0x0000000757d80000,0x000000075f580000)
  from space 512K, 43% used [0x0000000772300000,0x0000000772338000,0x0000000772380000)
  to   space 512K, 0% used [0x0000000772380000,0x0000000772380000,0x0000000772400000)
 ParOldGen       total 80896K, used 56817K [0x0000000687800000, 0x000000068c700000, 0x0000000757d80000)
  object space 80896K, 70% used [0x0000000687800000,0x000000068af7c718,0x000000068c700000)
 Metaspace       used 12049K, capacity 12296K, committed 12416K, reserved 1060864K
  class space    used 1287K, capacity 1373K, committed 1408K, reserved 1048576K
}
Event: 134.014 GC heap before
{Heap before GC invocations=295 (full 1):
 PSYoungGen      total 123392K, used 123104K [0x0000000757d80000, 0x0000000772400000, 0x00000007c0000000)
  eden space 122880K, 100% used [0x0000000757d80000,0x000000075f580000,0x000000075f580000)
  from space 512K, 43% used [0x0000000772300000,0x0000000772338000,0x0000000772380000)
  to   space 512K, 0% used [0x0000000772380000,0x0000000772380000,0x0000000772400000)
 ParOldGen       total 80896K, used 56819K [0x0000000687800000, 0x000000068c700000, 0x0000000757d80000)
  object space 80896K, 70% used [0x0000000687800000,0x000000068af7cf08,0x000000068c700000)
 Metaspace       used 12049K, capacity 12296K, committed 12416K, reserved 1060864K
  class space    used 1287K, capacity 1373K, committed 1408K, reserved 1048576K
Event: 134.015 GC heap after
Heap after GC invocations=295 (full 1):
 PSYoungGen      total 145920K, used 256K [0x0000000757d80000, 0x0000000772400000, 0x00000007c0000000)
  eden space 145408K, 0% used [0x0000000757d80000,0x0000000757d80000,0x0000000760b80000)
  from space 512K, 50% used [0x0000000772380000,0x00000007723c0000,0x0000000772400000)
  to   space 512K, 0% used [0x0000000772300000,0x0000000772300000,0x0000000772380000)
 ParOldGen       total 80896K, used 56971K [0x0000000687800000, 0x000000068c700000, 0x0000000757d80000)
  object space 80896K, 70% used [0x0000000687800000,0x000000068afa2f08,0x000000068c700000)
 Metaspace       used 12049K, capacity 12296K, committed 12416K, reserved 1060864K
  class space    used 1287K, capacity 1373K, committed 1408K, reserved 1048576K
}
Event: 134.508 GC heap before
{Heap before GC invocations=296 (full 1):
 PSYoungGen      total 145920K, used 145664K [0x0000000757d80000, 0x0000000772400000, 0x00000007c0000000)
  eden space 145408K, 100% used [0x0000000757d80000,0x0000000760b80000,0x0000000760b80000)
  from space 512K, 50% used [0x0000000772380000,0x00000007723c0000,0x0000000772400000)
  to   space 512K, 0% used [0x0000000772300000,0x0000000772300000,0x0000000772380000)
 ParOldGen       total 80896K, used 56971K [0x0000000687800000, 0x000000068c700000, 0x0000000757d80000)
  object space 80896K, 70% used [0x0000000687800000,0x000000068afa2f08,0x000000068c700000)
 Metaspace       used 12049K, capacity 12296K, committed 12416K, reserved 1060864K
  class space    used 1287K, capacity 1373K, committed 1408K, reserved 1048576K
Event: 134.510 GC heap after
Heap after GC invocations=296 (full 1):
 PSYoungGen      total 172032K, used 288K [0x0000000757d80000, 0x0000000772400000, 0x00000007c0000000)
  eden space 171520K, 0% used [0x0000000757d80000,0x0000000757d80000,0x0000000762500000)
  from space 512K, 56% used [0x0000000772300000,0x0000000772348000,0x0000000772380000)
  to   space 512K, 0% used [0x0000000772380000,0x0000000772380000,0x0000000772400000)
 ParOldGen       total 80896K, used 57155K [0x0000000687800000, 0x000000068c700000, 0x0000000757d80000)
  object space 80896K, 70% used [0x0000000687800000,0x000000068afd0f08,0x000000068c700000)
 Metaspace       used 12049K, capacity 12296K, committed 12416K, reserved 1060864K
  class space    used 1287K, capacity 1373K, committed 1408K, reserved 1048576K
}

