# JRE version: Java(TM) SE Runtime Environment (8.0_73-b02) (build 1.8.0_73-b02)
# Java VM: Java HotSpot(TM) 64-Bit Server VM (25.73-b02 mixed mode windows-amd64 compressed oops)
Heap:
 PSYoungGen      total 678912K, used 542034K [0x00000000d5580000, 0x0000000100000000, 0x0000000100000000)
  eden space 658944K, 82% used [0x00000000d5580000,0x00000000f6552d70,0x00000000fd900000)
  from space 19968K, 7% used [0x00000000fd900000,0x00000000fda81b40,0x00000000fec80000)
  to   space 19456K, 0% used [0x00000000fed00000,0x00000000fed00000,0x0000000100000000)
 ParOldGen       total 1398272K, used 24275K [0x0000000080000000, 0x00000000d5580000, 0x00000000d5580000)
  object space 1398272K, 1% used [0x0000000080000000,0x00000000817b4f28,0x00000000d5580000)
 Metaspace       used 18290K, capacity 18536K, committed 18688K, reserved 1067008K
  class space    used 1883K, capacity 1981K, committed 2048K, reserved 1048576K
GC Heap History (10 events):
Event: 34.674 GC heap before
{Heap before GC invocations=11 (full 0):
 PSYoungGen      total 678400K, used 661841K [0x00000000d5580000, 0x0000000100000000, 0x0000000100000000)
  eden space 658944K, 100% used [0x00000000d5580000,0x00000000fd900000,0x00000000fd900000)
  from space 19456K, 14% used [0x00000000fed00000,0x00000000fefd4680,0x0000000100000000)
  to   space 19968K, 0% used [0x00000000fd900000,0x00000000fd900000,0x00000000fec80000)
 ParOldGen       total 1398272K, used 17911K [0x0000000080000000, 0x00000000d5580000, 0x00000000d5580000)
  object space 1398272K, 1% used [0x0000000080000000,0x000000008117df18,0x00000000d5580000)
 Metaspace       used 18059K, capacity 18280K, committed 18432K, reserved 1064960K
  class space    used 1883K, capacity 1981K, committed 2048K, reserved 1048576K
Event: 34.679 GC heap after
Heap after GC invocations=11 (full 0):
 PSYoungGen      total 678912K, used 1605K [0x00000000d5580000, 0x0000000100000000, 0x0000000100000000)
  eden space 658944K, 0% used [0x00000000d5580000,0x00000000d5580000,0x00000000fd900000)
  from space 19968K, 8% used [0x00000000fd900000,0x00000000fda916e8,0x00000000fec80000)
  to   space 19968K, 0% used [0x00000000fec80000,0x00000000fec80000,0x0000000100000000)
 ParOldGen       total 1398272K, used 20267K [0x0000000080000000, 0x00000000d5580000, 0x00000000d5580000)
  object space 1398272K, 1% used [0x0000000080000000,0x00000000813caf28,0x00000000d5580000)
 Metaspace       used 18059K, capacity 18280K, committed 18432K, reserved 1064960K
  class space    used 1883K, capacity 1981K, committed 2048K, reserved 1048576K
}
Event: 38.147 GC heap before
{Heap before GC invocations=12 (full 0):
 PSYoungGen      total 678912K, used 660549K [0x00000000d5580000, 0x0000000100000000, 0x0000000100000000)
  eden space 658944K, 100% used [0x00000000d5580000,0x00000000fd900000,0x00000000fd900000)
  from space 19968K, 8% used [0x00000000fd900000,0x00000000fda916e8,0x00000000fec80000)
  to   space 19968K, 0% used [0x00000000fec80000,0x00000000fec80000,0x0000000100000000)
 ParOldGen       total 1398272K, used 20267K [0x0000000080000000, 0x00000000d5580000, 0x00000000d5580000)
  object space 1398272K, 1% used [0x0000000080000000,0x00000000813caf28,0x00000000d5580000)
 Metaspace       used 18181K, capacity 18408K, committed 18688K, reserved 1067008K
  class space    used 1883K, capacity 1981K, committed 2048K, reserved 1048576K
Event: 38.152 GC heap after
Heap after GC invocations=12 (full 0):
 PSYoungGen      total 677888K, used 1639K [0x00000000d5580000, 0x0000000100000000, 0x0000000100000000)
  eden space 657920K, 0% used [0x00000000d5580000,0x00000000d5580000,0x00000000fd800000)
  from space 19968K, 8% used [0x00000000fec80000,0x00000000fee19cd0,0x0000000100000000)
  to   space 20480K, 0% used [0x00000000fd800000,0x00000000fd800000,0x00000000fec00000)
 ParOldGen       total 1398272K, used 21347K [0x0000000080000000, 0x00000000d5580000, 0x00000000d5580000)
  object space 1398272K, 1% used [0x0000000080000000,0x00000000814d8f28,0x00000000d5580000)
 Metaspace       used 18181K, capacity 18408K, committed 18688K, reserved 1067008K
  class space    used 1883K, capacity 1981K, committed 2048K, reserved 1048576K
}
Event: 41.229 GC heap before
{Heap before GC invocations=13 (full 0):
 PSYoungGen      total 677888K, used 659559K [0x00000000d5580000, 0x0000000100000000, 0x0000000100000000)
  eden space 657920K, 100% used [0x00000000d5580000,0x00000000fd800000,0x00000000fd800000)
  from space 19968K, 8% used [0x00000000fec80000,0x00000000fee19cd0,0x0000000100000000)
  to   space 20480K, 0% used [0x00000000fd800000,0x00000000fd800000,0x00000000fec00000)
 ParOldGen       total 1398272K, used 21347K [0x0000000080000000, 0x00000000d5580000, 0x00000000d5580000)
  object space 1398272K, 1% used [0x0000000080000000,0x00000000814d8f28,0x00000000d5580000)
 Metaspace       used 18223K, capacity 18472K, committed 18688K, reserved 1067008K
  class space    used 1883K, capacity 1981K, committed 2048K, reserved 1048576K
Event: 41.233 GC heap after
Heap after GC invocations=13 (full 0):
 PSYoungGen      total 678400K, used 2351K [0x00000000d5580000, 0x0000000100000000, 0x0000000100000000)
  eden space 657920K, 0% used [0x00000000d5580000,0x00000000d5580000,0x00000000fd800000)
  from space 20480K, 11% used [0x00000000fd800000,0x00000000fda4bf58,0x00000000fec00000)
  to   space 19968K, 0% used [0x00000000fec80000,0x00000000fec80000,0x0000000100000000)
 ParOldGen       total 1398272K, used 22539K [0x0000000080000000, 0x00000000d5580000, 0x00000000d5580000)
  object space 1398272K, 1% used [0x0000000080000000,0x0000000081602f28,0x00000000d5580000)
 Metaspace       used 18223K, capacity 18472K, committed 18688K, reserved 1067008K
  class space    used 1883K, capacity 1981K, committed 2048K, reserved 1048576K
}
Event: 43.824 GC heap before
{Heap before GC invocations=14 (full 0):
 PSYoungGen      total 678400K, used 660271K [0x00000000d5580000, 0x0000000100000000, 0x0000000100000000)
  eden space 657920K, 100% used [0x00000000d5580000,0x00000000fd800000,0x00000000fd800000)
  from space 20480K, 11% used [0x00000000fd800000,0x00000000fda4bf58,0x00000000fec00000)
  to   space 19968K, 0% used [0x00000000fec80000,0x00000000fec80000,0x0000000100000000)
 ParOldGen       total 1398272K, used 22539K [0x0000000080000000, 0x00000000d5580000, 0x00000000d5580000)
  object space 1398272K, 1% used [0x0000000080000000,0x0000000081602f28,0x00000000d5580000)
 Metaspace       used 18234K, capacity 18472K, committed 18688K, reserved 1067008K
  class space    used 1883K, capacity 1981K, committed 2048K, reserved 1048576K
Event: 43.828 GC heap after
Heap after GC invocations=14 (full 0):
 PSYoungGen      total 678912K, used 1158K [0x00000000d5580000, 0x0000000100000000, 0x0000000100000000)
  eden space 658944K, 0% used [0x00000000d5580000,0x00000000d5580000,0x00000000fd900000)
  from space 19968K, 5% used [0x00000000fec80000,0x00000000feda1b68,0x0000000100000000)
  to   space 19968K, 0% used [0x00000000fd900000,0x00000000fd900000,0x00000000fec80000)
 ParOldGen       total 1398272K, used 23555K [0x0000000080000000, 0x00000000d5580000, 0x00000000d5580000)
  object space 1398272K, 1% used [0x0000000080000000,0x0000000081700f28,0x00000000d5580000)
 Metaspace       used 18234K, capacity 18472K, committed 18688K, reserved 1067008K
  class space    used 1883K, capacity 1981K, committed 2048K, reserved 1048576K
}
Event: 47.415 GC heap before
{Heap before GC invocations=15 (full 0):
 PSYoungGen      total 678912K, used 660102K [0x00000000d5580000, 0x0000000100000000, 0x0000000100000000)
  eden space 658944K, 100% used [0x00000000d5580000,0x00000000fd900000,0x00000000fd900000)
  from space 19968K, 5% used [0x00000000fec80000,0x00000000feda1b68,0x0000000100000000)
  to   space 19968K, 0% used [0x00000000fd900000,0x00000000fd900000,0x00000000fec80000)
 ParOldGen       total 1398272K, used 23555K [0x0000000080000000, 0x00000000d5580000, 0x00000000d5580000)
  object space 1398272K, 1% used [0x0000000080000000,0x0000000081700f28,0x00000000d5580000)
 Metaspace       used 18253K, capacity 18472K, committed 18688K, reserved 1067008K
  class space    used 1883K, capacity 1981K, committed 2048K, reserved 1048576K
Event: 47.419 GC heap after
Heap after GC invocations=15 (full 0):
 PSYoungGen      total 678912K, used 1542K [0x00000000d5580000, 0x0000000100000000, 0x0000000100000000)
  eden space 658944K, 0% used [0x00000000d5580000,0x00000000d5580000,0x00000000fd900000)
  from space 19968K, 7% used [0x00000000fd900000,0x00000000fda81b40,0x00000000fec80000)
  to   space 19456K, 0% used [0x00000000fed00000,0x00000000fed00000,0x0000000100000000)
 ParOldGen       total 1398272K, used 24275K [0x0000000080000000, 0x00000000d5580000, 0x00000000d5580000)
  object space 1398272K, 1% used [0x0000000080000000,0x00000000817b4f28,0x00000000d5580000)
 Metaspace       used 18253K, capacity 18472K, committed 18688K, reserved 1067008K
  class space    used 1883K, capacity 1981K, committed 2048K, reserved 1048576K
}

