# JRE version: Java(TM) SE Runtime Environment (8.0_73-b02) (build 1.8.0_73-b02)
# Java VM: Java HotSpot(TM) 64-Bit Server VM (25.73-b02 mixed mode windows-amd64 compressed oops)
Heap:
 PSYoungGen      total 61440K, used 5776K [0x0000000757d80000, 0x0000000761380000, 0x00000007c0000000)
  eden space 60928K, 9% used [0x0000000757d80000,0x000000075830c200,0x000000075b900000)
  from space 512K, 18% used [0x0000000761300000,0x0000000761318000,0x0000000761380000)
  to   space 1536K, 0% used [0x0000000761080000,0x0000000761080000,0x0000000761200000)
 ParOldGen       total 65536K, used 6797K [0x0000000687800000, 0x000000068b800000, 0x0000000757d80000)
  object space 65536K, 10% used [0x0000000687800000,0x0000000687ea3508,0x000000068b800000)
 Metaspace       used 11895K, capacity 12124K, committed 12416K, reserved 1060864K
  class space    used 1277K, capacity 1339K, committed 1408K, reserved 1048576K
GC Heap History (10 events):
Event: 28.266 GC heap before
{Heap before GC invocations=34 (full 0):
 PSYoungGen      total 74240K, used 72256K [0x0000000757d80000, 0x0000000761700000, 0x00000007c0000000)
  eden space 72192K, 100% used [0x0000000757d80000,0x000000075c400000,0x000000075c400000)
  from space 2048K, 3% used [0x0000000761300000,0x0000000761310000,0x0000000761500000)
  to   space 2048K, 0% used [0x0000000761500000,0x0000000761500000,0x0000000761700000)
 ParOldGen       total 65536K, used 6717K [0x0000000687800000, 0x000000068b800000, 0x0000000757d80000)
  object space 65536K, 10% used [0x0000000687800000,0x0000000687e8f508,0x000000068b800000)
 Metaspace       used 11893K, capacity 12124K, committed 12416K, reserved 1060864K
  class space    used 1276K, capacity 1339K, committed 1408K, reserved 1048576K
Event: 28.267 GC heap after
Heap after GC invocations=34 (full 0):
 PSYoungGen      total 70144K, used 64K [0x0000000757d80000, 0x0000000761580000, 0x00000007c0000000)
  eden space 69632K, 0% used [0x0000000757d80000,0x0000000757d80000,0x000000075c180000)
  from space 512K, 12% used [0x0000000761500000,0x0000000761510000,0x0000000761580000)
  to   space 2048K, 0% used [0x0000000761180000,0x0000000761180000,0x0000000761380000)
 ParOldGen       total 65536K, used 6725K [0x0000000687800000, 0x000000068b800000, 0x0000000757d80000)
  object space 65536K, 10% used [0x0000000687800000,0x0000000687e91508,0x000000068b800000)
 Metaspace       used 11893K, capacity 12124K, committed 12416K, reserved 1060864K
  class space    used 1276K, capacity 1339K, committed 1408K, reserved 1048576K
}
Event: 29.037 GC heap before
{Heap before GC invocations=35 (full 0):
 PSYoungGen      total 70144K, used 69696K [0x0000000757d80000, 0x0000000761580000, 0x00000007c0000000)
  eden space 69632K, 100% used [0x0000000757d80000,0x000000075c180000,0x000000075c180000)
  from space 512K, 12% used [0x0000000761500000,0x0000000761510000,0x0000000761580000)
  to   space 2048K, 0% used [0x0000000761180000,0x0000000761180000,0x0000000761380000)
 ParOldGen       total 65536K, used 6725K [0x0000000687800000, 0x000000068b800000, 0x0000000757d80000)
  object space 65536K, 10% used [0x0000000687800000,0x0000000687e91508,0x000000068b800000)
 Metaspace       used 11893K, capacity 12124K, committed 12416K, reserved 1060864K
  class space    used 1276K, capacity 1339K, committed 1408K, reserved 1048576K
Event: 29.038 GC heap after
Heap after GC invocations=35 (full 0):
 PSYoungGen      total 69120K, used 64K [0x0000000757d80000, 0x0000000761580000, 0x00000007c0000000)
  eden space 67072K, 0% used [0x0000000757d80000,0x0000000757d80000,0x000000075bf00000)
  from space 2048K, 3% used [0x0000000761180000,0x0000000761190000,0x0000000761380000)
  to   space 1536K, 0% used [0x0000000761400000,0x0000000761400000,0x0000000761580000)
 ParOldGen       total 65536K, used 6741K [0x0000000687800000, 0x000000068b800000, 0x0000000757d80000)
  object space 65536K, 10% used [0x0000000687800000,0x0000000687e95508,0x000000068b800000)
 Metaspace       used 11893K, capacity 12124K, committed 12416K, reserved 1060864K
  class space    used 1276K, capacity 1339K, committed 1408K, reserved 1048576K
}
Event: 29.784 GC heap before
{Heap before GC invocations=36 (full 0):
 PSYoungGen      total 69120K, used 67136K [0x0000000757d80000, 0x0000000761580000, 0x00000007c0000000)
  eden space 67072K, 100% used [0x0000000757d80000,0x000000075bf00000,0x000000075bf00000)
  from space 2048K, 3% used [0x0000000761180000,0x0000000761190000,0x0000000761380000)
  to   space 1536K, 0% used [0x0000000761400000,0x0000000761400000,0x0000000761580000)
 ParOldGen       total 65536K, used 6741K [0x0000000687800000, 0x000000068b800000, 0x0000000757d80000)
  object space 65536K, 10% used [0x0000000687800000,0x0000000687e95508,0x000000068b800000)
 Metaspace       used 11893K, capacity 12124K, committed 12416K, reserved 1060864K
  class space    used 1276K, capacity 1339K, committed 1408K, reserved 1048576K
Event: 29.785 GC heap after
Heap after GC invocations=36 (full 0):
 PSYoungGen      total 65536K, used 96K [0x0000000757d80000, 0x0000000761480000, 0x00000007c0000000)
  eden space 65024K, 0% used [0x0000000757d80000,0x0000000757d80000,0x000000075bd00000)
  from space 512K, 18% used [0x0000000761400000,0x0000000761418000,0x0000000761480000)
  to   space 1536K, 0% used [0x0000000761180000,0x0000000761180000,0x0000000761300000)
 ParOldGen       total 65536K, used 6757K [0x0000000687800000, 0x000000068b800000, 0x0000000757d80000)
  object space 65536K, 10% used [0x0000000687800000,0x0000000687e99508,0x000000068b800000)
 Metaspace       used 11893K, capacity 12124K, committed 12416K, reserved 1060864K
  class space    used 1276K, capacity 1339K, committed 1408K, reserved 1048576K
}
Event: 30.506 GC heap before
{Heap before GC invocations=37 (full 0):
 PSYoungGen      total 65536K, used 65120K [0x0000000757d80000, 0x0000000761480000, 0x00000007c0000000)
  eden space 65024K, 100% used [0x0000000757d80000,0x000000075bd00000,0x000000075bd00000)
  from space 512K, 18% used [0x0000000761400000,0x0000000761418000,0x0000000761480000)
  to   space 1536K, 0% used [0x0000000761180000,0x0000000761180000,0x0000000761300000)
 ParOldGen       total 65536K, used 6757K [0x0000000687800000, 0x000000068b800000, 0x0000000757d80000)
  object space 65536K, 10% used [0x0000000687800000,0x0000000687e99508,0x000000068b800000)
 Metaspace       used 11893K, capacity 12124K, committed 12416K, reserved 1060864K
  class space    used 1276K, capacity 1339K, committed 1408K, reserved 1048576K
Event: 30.507 GC heap after
Heap after GC invocations=37 (full 0):
 PSYoungGen      total 64512K, used 96K [0x0000000757d80000, 0x0000000761480000, 0x00000007c0000000)
  eden space 62976K, 0% used [0x0000000757d80000,0x0000000757d80000,0x000000075bb00000)
  from space 1536K, 6% used [0x0000000761180000,0x0000000761198000,0x0000000761300000)
  to   space 1536K, 0% used [0x0000000761300000,0x0000000761300000,0x0000000761480000)
 ParOldGen       total 65536K, used 6773K [0x0000000687800000, 0x000000068b800000, 0x0000000757d80000)
  object space 65536K, 10% used [0x0000000687800000,0x0000000687e9d508,0x000000068b800000)
 Metaspace       used 11893K, capacity 12124K, committed 12416K, reserved 1060864K
  class space    used 1276K, capacity 1339K, committed 1408K, reserved 1048576K
}
Event: 31.231 GC heap before
{Heap before GC invocations=38 (full 0):
 PSYoungGen      total 64512K, used 63072K [0x0000000757d80000, 0x0000000761480000, 0x00000007c0000000)
  eden space 62976K, 100% used [0x0000000757d80000,0x000000075bb00000,0x000000075bb00000)
  from space 1536K, 6% used [0x0000000761180000,0x0000000761198000,0x0000000761300000)
  to   space 1536K, 0% used [0x0000000761300000,0x0000000761300000,0x0000000761480000)
 ParOldGen       total 65536K, used 6773K [0x0000000687800000, 0x000000068b800000, 0x0000000757d80000)
  object space 65536K, 10% used [0x0000000687800000,0x0000000687e9d508,0x000000068b800000)
 Metaspace       used 11895K, capacity 12124K, committed 12416K, reserved 1060864K
  class space    used 1277K, capacity 1339K, committed 1408K, reserved 1048576K
Event: 31.232 GC heap after
Heap after GC invocations=38 (full 0):
 PSYoungGen      total 61440K, used 96K [0x0000000757d80000, 0x0000000761380000, 0x00000007c0000000)
  eden space 60928K, 0% used [0x0000000757d80000,0x0000000757d80000,0x000000075b900000)
  from space 512K, 18% used [0x0000000761300000,0x0000000761318000,0x0000000761380000)
  to   space 1536K, 0% used [0x0000000761080000,0x0000000761080000,0x0000000761200000)
 ParOldGen       total 65536K, used 6797K [0x0000000687800000, 0x000000068b800000, 0x0000000757d80000)
  object space 65536K, 10% used [0x0000000687800000,0x0000000687ea3508,0x000000068b800000)
 Metaspace       used 11895K, capacity 12124K, committed 12416K, reserved 1060864K
  class space    used 1277K, capacity 1339K, committed 1408K, reserved 1048576K
}

