# JRE version: Java(TM) SE Runtime Environment (8.0_73-b02) (build 1.8.0_73-b02)
# Java VM: Java HotSpot(TM) 64-Bit Server VM (25.73-b02 mixed mode windows-amd64 compressed oops)
Heap:
 PSYoungGen      total 36864K, used 34728K [0x0000000757d80000, 0x000000075b680000, 0x00000007c0000000)
  eden space 36352K, 95% used [0x0000000757d80000,0x0000000759f5a320,0x000000075a100000)
  from space 512K, 12% used [0x000000075b600000,0x000000075b610000,0x000000075b680000)
  to   space 1536K, 0% used [0x000000075b380000,0x000000075b380000,0x000000075b500000)
 ParOldGen       total 65536K, used 5527K [0x0000000687800000, 0x000000068b800000, 0x0000000757d80000)
  object space 65536K, 8% used [0x0000000687800000,0x0000000687d65e58,0x000000068b800000)
 Metaspace       used 12873K, capacity 13064K, committed 13312K, reserved 1060864K
  class space    used 1367K, capacity 1437K, committed 1536K, reserved 1048576K
GC Heap History (10 events):
Event: 29.526 GC heap before
{Heap before GC invocations=32 (full 0):
 PSYoungGen      total 43520K, used 41568K [0x0000000757d80000, 0x000000075ba80000, 0x00000007c0000000)
  eden space 41472K, 100% used [0x0000000757d80000,0x000000075a600000,0x000000075a600000)
  from space 2048K, 4% used [0x000000075b680000,0x000000075b698000,0x000000075b880000)
  to   space 2048K, 0% used [0x000000075b880000,0x000000075b880000,0x000000075ba80000)
 ParOldGen       total 65536K, used 5439K [0x0000000687800000, 0x000000068b800000, 0x0000000757d80000)
  object space 65536K, 8% used [0x0000000687800000,0x0000000687d4fe58,0x000000068b800000)
 Metaspace       used 12872K, capacity 13064K, committed 13312K, reserved 1060864K
  class space    used 1367K, capacity 1437K, committed 1536K, reserved 1048576K
Event: 29.527 GC heap after
Heap after GC invocations=32 (full 0):
 PSYoungGen      total 40960K, used 96K [0x0000000757d80000, 0x000000075b900000, 0x00000007c0000000)
  eden space 40448K, 0% used [0x0000000757d80000,0x0000000757d80000,0x000000075a500000)
  from space 512K, 18% used [0x000000075b880000,0x000000075b898000,0x000000075b900000)
  to   space 2048K, 0% used [0x000000075b500000,0x000000075b500000,0x000000075b700000)
 ParOldGen       total 65536K, used 5455K [0x0000000687800000, 0x000000068b800000, 0x0000000757d80000)
  object space 65536K, 8% used [0x0000000687800000,0x0000000687d53e58,0x000000068b800000)
 Metaspace       used 12872K, capacity 13064K, committed 13312K, reserved 1060864K
  class space    used 1367K, capacity 1437K, committed 1536K, reserved 1048576K
}
Event: 30.214 GC heap before
{Heap before GC invocations=33 (full 0):
 PSYoungGen      total 40960K, used 40544K [0x0000000757d80000, 0x000000075b900000, 0x00000007c0000000)
  eden space 40448K, 100% used [0x0000000757d80000,0x000000075a500000,0x000000075a500000)
  from space 512K, 18% used [0x000000075b880000,0x000000075b898000,0x000000075b900000)
  to   space 2048K, 0% used [0x000000075b500000,0x000000075b500000,0x000000075b700000)
 ParOldGen       total 65536K, used 5455K [0x0000000687800000, 0x000000068b800000, 0x0000000757d80000)
  object space 65536K, 8% used [0x0000000687800000,0x0000000687d53e58,0x000000068b800000)
 Metaspace       used 12872K, capacity 13064K, committed 13312K, reserved 1060864K
  class space    used 1367K, capacity 1437K, committed 1536K, reserved 1048576K
Event: 30.215 GC heap after
Heap after GC invocations=33 (full 0):
 PSYoungGen      total 41472K, used 96K [0x0000000757d80000, 0x000000075b900000, 0x00000007c0000000)
  eden space 39424K, 0% used [0x0000000757d80000,0x0000000757d80000,0x000000075a400000)
  from space 2048K, 4% used [0x000000075b500000,0x000000075b518000,0x000000075b700000)
  to   space 2048K, 0% used [0x000000075b700000,0x000000075b700000,0x000000075b900000)
 ParOldGen       total 65536K, used 5471K [0x0000000687800000, 0x000000068b800000, 0x0000000757d80000)
  object space 65536K, 8% used [0x0000000687800000,0x0000000687d57e58,0x000000068b800000)
 Metaspace       used 12872K, capacity 13064K, committed 13312K, reserved 1060864K
  class space    used 1367K, capacity 1437K, committed 1536K, reserved 1048576K
}
Event: 30.875 GC heap before
{Heap before GC invocations=34 (full 0):
 PSYoungGen      total 41472K, used 39520K [0x0000000757d80000, 0x000000075b900000, 0x00000007c0000000)
  eden space 39424K, 100% used [0x0000000757d80000,0x000000075a400000,0x000000075a400000)
  from space 2048K, 4% used [0x000000075b500000,0x000000075b518000,0x000000075b700000)
  to   space 2048K, 0% used [0x000000075b700000,0x000000075b700000,0x000000075b900000)
 ParOldGen       total 65536K, used 5471K [0x0000000687800000, 0x000000068b800000, 0x0000000757d80000)
  object space 65536K, 8% used [0x0000000687800000,0x0000000687d57e58,0x000000068b800000)
 Metaspace       used 12873K, capacity 13064K, committed 13312K, reserved 1060864K
  class space    used 1367K, capacity 1437K, committed 1536K, reserved 1048576K
Event: 30.876 GC heap after
Heap after GC invocations=34 (full 0):
 PSYoungGen      total 38912K, used 64K [0x0000000757d80000, 0x000000075b780000, 0x00000007c0000000)
  eden space 38400K, 0% used [0x0000000757d80000,0x0000000757d80000,0x000000075a300000)
  from space 512K, 12% used [0x000000075b700000,0x000000075b710000,0x000000075b780000)
  to   space 2048K, 0% used [0x000000075b380000,0x000000075b380000,0x000000075b580000)
 ParOldGen       total 65536K, used 5487K [0x0000000687800000, 0x000000068b800000, 0x0000000757d80000)
  object space 65536K, 8% used [0x0000000687800000,0x0000000687d5be58,0x000000068b800000)
 Metaspace       used 12873K, capacity 13064K, committed 13312K, reserved 1060864K
  class space    used 1367K, capacity 1437K, committed 1536K, reserved 1048576K
}
Event: 31.532 GC heap before
{Heap before GC invocations=35 (full 0):
 PSYoungGen      total 38912K, used 38464K [0x0000000757d80000, 0x000000075b780000, 0x00000007c0000000)
  eden space 38400K, 100% used [0x0000000757d80000,0x000000075a300000,0x000000075a300000)
  from space 512K, 12% used [0x000000075b700000,0x000000075b710000,0x000000075b780000)
  to   space 2048K, 0% used [0x000000075b380000,0x000000075b380000,0x000000075b580000)
 ParOldGen       total 65536K, used 5487K [0x0000000687800000, 0x000000068b800000, 0x0000000757d80000)
  object space 65536K, 8% used [0x0000000687800000,0x0000000687d5be58,0x000000068b800000)
 Metaspace       used 12873K, capacity 13064K, committed 13312K, reserved 1060864K
  class space    used 1367K, capacity 1437K, committed 1536K, reserved 1048576K
Event: 31.533 GC heap after
Heap after GC invocations=35 (full 0):
 PSYoungGen      total 39424K, used 64K [0x0000000757d80000, 0x000000075b780000, 0x00000007c0000000)
  eden space 37376K, 0% used [0x0000000757d80000,0x0000000757d80000,0x000000075a200000)
  from space 2048K, 3% used [0x000000075b380000,0x000000075b390000,0x000000075b580000)
  to   space 1536K, 0% used [0x000000075b600000,0x000000075b600000,0x000000075b780000)
 ParOldGen       total 65536K, used 5511K [0x0000000687800000, 0x000000068b800000, 0x0000000757d80000)
  object space 65536K, 8% used [0x0000000687800000,0x0000000687d61e58,0x000000068b800000)
 Metaspace       used 12873K, capacity 13064K, committed 13312K, reserved 1060864K
  class space    used 1367K, capacity 1437K, committed 1536K, reserved 1048576K
}
Event: 32.162 GC heap before
{Heap before GC invocations=36 (full 0):
 PSYoungGen      total 39424K, used 37440K [0x0000000757d80000, 0x000000075b780000, 0x00000007c0000000)
  eden space 37376K, 100% used [0x0000000757d80000,0x000000075a200000,0x000000075a200000)
  from space 2048K, 3% used [0x000000075b380000,0x000000075b390000,0x000000075b580000)
  to   space 1536K, 0% used [0x000000075b600000,0x000000075b600000,0x000000075b780000)
 ParOldGen       total 65536K, used 5511K [0x0000000687800000, 0x000000068b800000, 0x0000000757d80000)
  object space 65536K, 8% used [0x0000000687800000,0x0000000687d61e58,0x000000068b800000)
 Metaspace       used 12873K, capacity 13064K, committed 13312K, reserved 1060864K
  class space    used 1367K, capacity 1437K, committed 1536K, reserved 1048576K
Event: 32.163 GC heap after
Heap after GC invocations=36 (full 0):
 PSYoungGen      total 36864K, used 64K [0x0000000757d80000, 0x000000075b680000, 0x00000007c0000000)
  eden space 36352K, 0% used [0x0000000757d80000,0x0000000757d80000,0x000000075a100000)
  from space 512K, 12% used [0x000000075b600000,0x000000075b610000,0x000000075b680000)
  to   space 1536K, 0% used [0x000000075b380000,0x000000075b380000,0x000000075b500000)
 ParOldGen       total 65536K, used 5527K [0x0000000687800000, 0x000000068b800000, 0x0000000757d80000)
  object space 65536K, 8% used [0x0000000687800000,0x0000000687d65e58,0x000000068b800000)
 Metaspace       used 12873K, capacity 13064K, committed 13312K, reserved 1060864K
  class space    used 1367K, capacity 1437K, committed 1536K, reserved 1048576K
}

