# JRE version: Java(TM) SE Runtime Environment (8.0_73-b02) (build 1.8.0_73-b02)
# Java VM: Java HotSpot(TM) 64-Bit Server VM (25.73-b02 mixed mode windows-amd64 compressed oops)
Heap:
 PSYoungGen      total 123392K, used 64606K [0x0000000757d80000, 0x0000000769d00000, 0x00000007c0000000)
  eden space 118272K, 54% used [0x0000000757d80000,0x000000075bc77ac8,0x000000075f100000)
  from space 5120K, 2% used [0x0000000769300000,0x0000000769320000,0x0000000769800000)
  to   space 4608K, 0% used [0x0000000769880000,0x0000000769880000,0x0000000769d00000)
 ParOldGen       total 65536K, used 5161K [0x0000000687800000, 0x000000068b800000, 0x0000000757d80000)
  object space 65536K, 7% used [0x0000000687800000,0x0000000687d0a4d0,0x000000068b800000)
 Metaspace       used 11880K, capacity 12058K, committed 12160K, reserved 1060864K
  class space    used 1275K, capacity 1338K, committed 1408K, reserved 1048576K
GC Heap History (10 events):
Event: 23.183 GC heap before
{Heap before GC invocations=17 (full 0):
 PSYoungGen      total 145408K, used 144960K [0x0000000757d80000, 0x000000076a680000, 0x00000007c0000000)
  eden space 144896K, 100% used [0x0000000757d80000,0x0000000760b00000,0x0000000760b00000)
  from space 512K, 12% used [0x000000076a600000,0x000000076a610000,0x000000076a680000)
  to   space 6144K, 0% used [0x0000000769a80000,0x0000000769a80000,0x000000076a080000)
 ParOldGen       total 65536K, used 5044K [0x0000000687800000, 0x000000068b800000, 0x0000000757d80000)
  object space 65536K, 7% used [0x0000000687800000,0x0000000687ced148,0x000000068b800000)
 Metaspace       used 11879K, capacity 12058K, committed 12160K, reserved 1060864K
  class space    used 1275K, capacity 1338K, committed 1408K, reserved 1048576K
Event: 23.184 GC heap after
Heap after GC invocations=17 (full 0):
 PSYoungGen      total 144896K, used 32K [0x0000000757d80000, 0x000000076a680000, 0x00000007c0000000)
  eden space 138752K, 0% used [0x0000000757d80000,0x0000000757d80000,0x0000000760500000)
  from space 6144K, 0% used [0x0000000769a80000,0x0000000769a88000,0x000000076a080000)
  to   space 5632K, 0% used [0x000000076a100000,0x000000076a100000,0x000000076a680000)
 ParOldGen       total 65536K, used 5060K [0x0000000687800000, 0x000000068b800000, 0x0000000757d80000)
  object space 65536K, 7% used [0x0000000687800000,0x0000000687cf1148,0x000000068b800000)
 Metaspace       used 11879K, capacity 12058K, committed 12160K, reserved 1060864K
  class space    used 1275K, capacity 1338K, committed 1408K, reserved 1048576K
}
Event: 24.721 GC heap before
{Heap before GC invocations=18 (full 0):
 PSYoungGen      total 144896K, used 138784K [0x0000000757d80000, 0x000000076a680000, 0x00000007c0000000)
  eden space 138752K, 100% used [0x0000000757d80000,0x0000000760500000,0x0000000760500000)
  from space 6144K, 0% used [0x0000000769a80000,0x0000000769a88000,0x000000076a080000)
  to   space 5632K, 0% used [0x000000076a100000,0x000000076a100000,0x000000076a680000)
 ParOldGen       total 65536K, used 5060K [0x0000000687800000, 0x000000068b800000, 0x0000000757d80000)
  object space 65536K, 7% used [0x0000000687800000,0x0000000687cf1148,0x000000068b800000)
 Metaspace       used 11879K, capacity 12058K, committed 12160K, reserved 1060864K
  class space    used 1275K, capacity 1338K, committed 1408K, reserved 1048576K
Event: 24.722 GC heap after
Heap after GC invocations=18 (full 0):
 PSYoungGen      total 133632K, used 96K [0x0000000757d80000, 0x000000076a180000, 0x00000007c0000000)
  eden space 133120K, 0% used [0x0000000757d80000,0x0000000757d80000,0x000000075ff80000)
  from space 512K, 18% used [0x000000076a100000,0x000000076a118000,0x000000076a180000)
  to   space 5632K, 0% used [0x0000000769680000,0x0000000769680000,0x0000000769c00000)
 ParOldGen       total 65536K, used 5076K [0x0000000687800000, 0x000000068b800000, 0x0000000757d80000)
  object space 65536K, 7% used [0x0000000687800000,0x0000000687cf5148,0x000000068b800000)
 Metaspace       used 11879K, capacity 12058K, committed 12160K, reserved 1060864K
  class space    used 1275K, capacity 1338K, committed 1408K, reserved 1048576K
}
Event: 26.197 GC heap before
{Heap before GC invocations=19 (full 0):
 PSYoungGen      total 133632K, used 133216K [0x0000000757d80000, 0x000000076a180000, 0x00000007c0000000)
  eden space 133120K, 100% used [0x0000000757d80000,0x000000075ff80000,0x000000075ff80000)
  from space 512K, 18% used [0x000000076a100000,0x000000076a118000,0x000000076a180000)
  to   space 5632K, 0% used [0x0000000769680000,0x0000000769680000,0x0000000769c00000)
 ParOldGen       total 65536K, used 5076K [0x0000000687800000, 0x000000068b800000, 0x0000000757d80000)
  object space 65536K, 7% used [0x0000000687800000,0x0000000687cf5148,0x000000068b800000)
 Metaspace       used 11879K, capacity 12058K, committed 12160K, reserved 1060864K
  class space    used 1275K, capacity 1338K, committed 1408K, reserved 1048576K
Event: 26.198 GC heap after
Heap after GC invocations=19 (full 0):
 PSYoungGen      total 133632K, used 64K [0x0000000757d80000, 0x000000076a180000, 0x00000007c0000000)
  eden space 128000K, 0% used [0x0000000757d80000,0x0000000757d80000,0x000000075fa80000)
  from space 5632K, 1% used [0x0000000769680000,0x0000000769690000,0x0000000769c00000)
  to   space 5120K, 0% used [0x0000000769c80000,0x0000000769c80000,0x000000076a180000)
 ParOldGen       total 65536K, used 5116K [0x0000000687800000, 0x000000068b800000, 0x0000000757d80000)
  object space 65536K, 7% used [0x0000000687800000,0x0000000687cff178,0x000000068b800000)
 Metaspace       used 11879K, capacity 12058K, committed 12160K, reserved 1060864K
  class space    used 1275K, capacity 1338K, committed 1408K, reserved 1048576K
}
Event: 27.673 GC heap before
{Heap before GC invocations=20 (full 0):
 PSYoungGen      total 133632K, used 128064K [0x0000000757d80000, 0x000000076a180000, 0x00000007c0000000)
  eden space 128000K, 100% used [0x0000000757d80000,0x000000075fa80000,0x000000075fa80000)
  from space 5632K, 1% used [0x0000000769680000,0x0000000769690000,0x0000000769c00000)
  to   space 5120K, 0% used [0x0000000769c80000,0x0000000769c80000,0x000000076a180000)
 ParOldGen       total 65536K, used 5116K [0x0000000687800000, 0x000000068b800000, 0x0000000757d80000)
  object space 65536K, 7% used [0x0000000687800000,0x0000000687cff178,0x000000068b800000)
 Metaspace       used 11880K, capacity 12058K, committed 12160K, reserved 1060864K
  class space    used 1275K, capacity 1338K, committed 1408K, reserved 1048576K
Event: 27.695 GC heap after
Heap after GC invocations=20 (full 0):
 PSYoungGen      total 123392K, used 64K [0x0000000757d80000, 0x0000000769d00000, 0x00000007c0000000)
  eden space 122880K, 0% used [0x0000000757d80000,0x0000000757d80000,0x000000075f580000)
  from space 512K, 12% used [0x0000000769c80000,0x0000000769c90000,0x0000000769d00000)
  to   space 5120K, 0% used [0x0000000769300000,0x0000000769300000,0x0000000769800000)
 ParOldGen       total 65536K, used 5132K [0x0000000687800000, 0x000000068b800000, 0x0000000757d80000)
  object space 65536K, 7% used [0x0000000687800000,0x0000000687d03178,0x000000068b800000)
 Metaspace       used 11880K, capacity 12058K, committed 12160K, reserved 1060864K
  class space    used 1275K, capacity 1338K, committed 1408K, reserved 1048576K
}
Event: 29.064 GC heap before
{Heap before GC invocations=21 (full 0):
 PSYoungGen      total 123392K, used 122944K [0x0000000757d80000, 0x0000000769d00000, 0x00000007c0000000)
  eden space 122880K, 100% used [0x0000000757d80000,0x000000075f580000,0x000000075f580000)
  from space 512K, 12% used [0x0000000769c80000,0x0000000769c90000,0x0000000769d00000)
  to   space 5120K, 0% used [0x0000000769300000,0x0000000769300000,0x0000000769800000)
 ParOldGen       total 65536K, used 5132K [0x0000000687800000, 0x000000068b800000, 0x0000000757d80000)
  object space 65536K, 7% used [0x0000000687800000,0x0000000687d03178,0x000000068b800000)
 Metaspace       used 11880K, capacity 12058K, committed 12160K, reserved 1060864K
  class space    used 1275K, capacity 1338K, committed 1408K, reserved 1048576K
Event: 29.065 GC heap after
Heap after GC invocations=21 (full 0):
 PSYoungGen      total 123392K, used 128K [0x0000000757d80000, 0x0000000769d00000, 0x00000007c0000000)
  eden space 118272K, 0% used [0x0000000757d80000,0x0000000757d80000,0x000000075f100000)
  from space 5120K, 2% used [0x0000000769300000,0x0000000769320000,0x0000000769800000)
  to   space 4608K, 0% used [0x0000000769880000,0x0000000769880000,0x0000000769d00000)
 ParOldGen       total 65536K, used 5161K [0x0000000687800000, 0x000000068b800000, 0x0000000757d80000)
  object space 65536K, 7% used [0x0000000687800000,0x0000000687d0a4d0,0x000000068b800000)
 Metaspace       used 11880K, capacity 12058K, committed 12160K, reserved 1060864K
  class space    used 1275K, capacity 1338K, committed 1408K, reserved 1048576K
}

