# JRE version: Java(TM) SE Runtime Environment (8.0_73-b02) (build 1.8.0_73-b02)
# Java VM: Java HotSpot(TM) 64-Bit Server VM (25.73-b02 mixed mode windows-amd64 compressed oops)
Heap:
 PSYoungGen      total 72192K, used 44167K [0x0000000757d80000, 0x000000075d100000, 0x00000007c0000000)
  eden space 71680K, 61% used [0x0000000757d80000,0x000000075a891f88,0x000000075c380000)
  from space 512K, 12% used [0x000000075d080000,0x000000075d090000,0x000000075d100000)
  to   space 2048K, 0% used [0x000000075cd00000,0x000000075cd00000,0x000000075cf00000)
 ParOldGen       total 65536K, used 5264K [0x0000000687800000, 0x000000068b800000, 0x0000000757d80000)
  object space 65536K, 8% used [0x0000000687800000,0x0000000687d242a8,0x000000068b800000)
 Metaspace       used 11872K, capacity 12070K, committed 12416K, reserved 1060864K
  class space    used 1275K, capacity 1338K, committed 1408K, reserved 1048576K
GC Heap History (10 events):
Event: 24.895 GC heap before
{Heap before GC invocations=30 (full 0):
 PSYoungGen      total 86016K, used 85632K [0x0000000757d80000, 0x000000075d780000, 0x00000007c0000000)
  eden space 85504K, 100% used [0x0000000757d80000,0x000000075d100000,0x000000075d100000)
  from space 512K, 25% used [0x000000075d400000,0x000000075d420000,0x000000075d480000)
  to   space 3072K, 0% used [0x000000075d480000,0x000000075d480000,0x000000075d780000)
 ParOldGen       total 65536K, used 5163K [0x0000000687800000, 0x000000068b800000, 0x0000000757d80000)
  object space 65536K, 7% used [0x0000000687800000,0x0000000687d0af20,0x000000068b800000)
 Metaspace       used 11871K, capacity 12070K, committed 12416K, reserved 1060864K
  class space    used 1275K, capacity 1338K, committed 1408K, reserved 1048576K
Event: 24.901 GC heap after
Heap after GC invocations=30 (full 0):
 PSYoungGen      total 82944K, used 64K [0x0000000757d80000, 0x000000075d500000, 0x00000007c0000000)
  eden space 82432K, 0% used [0x0000000757d80000,0x0000000757d80000,0x000000075ce00000)
  from space 512K, 12% used [0x000000075d480000,0x000000075d490000,0x000000075d500000)
  to   space 2560K, 0% used [0x000000075d000000,0x000000075d000000,0x000000075d280000)
 ParOldGen       total 65536K, used 5171K [0x0000000687800000, 0x000000068b800000, 0x0000000757d80000)
  object space 65536K, 7% used [0x0000000687800000,0x0000000687d0cf20,0x000000068b800000)
 Metaspace       used 11871K, capacity 12070K, committed 12416K, reserved 1060864K
  class space    used 1275K, capacity 1338K, committed 1408K, reserved 1048576K
}
Event: 25.830 GC heap before
{Heap before GC invocations=31 (full 0):
 PSYoungGen      total 82944K, used 82496K [0x0000000757d80000, 0x000000075d500000, 0x00000007c0000000)
  eden space 82432K, 100% used [0x0000000757d80000,0x000000075ce00000,0x000000075ce00000)
  from space 512K, 12% used [0x000000075d480000,0x000000075d490000,0x000000075d500000)
  to   space 2560K, 0% used [0x000000075d000000,0x000000075d000000,0x000000075d280000)
 ParOldGen       total 65536K, used 5171K [0x0000000687800000, 0x000000068b800000, 0x0000000757d80000)
  object space 65536K, 7% used [0x0000000687800000,0x0000000687d0cf20,0x000000068b800000)
 Metaspace       used 11871K, capacity 12070K, committed 12416K, reserved 1060864K
  class space    used 1275K, capacity 1338K, committed 1408K, reserved 1048576K
Event: 25.830 GC heap after
Heap after GC invocations=31 (full 0):
 PSYoungGen      total 81920K, used 96K [0x0000000757d80000, 0x000000075d500000, 0x00000007c0000000)
  eden space 79360K, 0% used [0x0000000757d80000,0x0000000757d80000,0x000000075cb00000)
  from space 2560K, 3% used [0x000000075d000000,0x000000075d018000,0x000000075d280000)
  to   space 2560K, 0% used [0x000000075d280000,0x000000075d280000,0x000000075d500000)
 ParOldGen       total 65536K, used 5211K [0x0000000687800000, 0x000000068b800000, 0x0000000757d80000)
  object space 65536K, 7% used [0x0000000687800000,0x0000000687d16f50,0x000000068b800000)
 Metaspace       used 11871K, capacity 12070K, committed 12416K, reserved 1060864K
  class space    used 1275K, capacity 1338K, committed 1408K, reserved 1048576K
}
Event: 26.709 GC heap before
{Heap before GC invocations=32 (full 0):
 PSYoungGen      total 81920K, used 79456K [0x0000000757d80000, 0x000000075d500000, 0x00000007c0000000)
  eden space 79360K, 100% used [0x0000000757d80000,0x000000075cb00000,0x000000075cb00000)
  from space 2560K, 3% used [0x000000075d000000,0x000000075d018000,0x000000075d280000)
  to   space 2560K, 0% used [0x000000075d280000,0x000000075d280000,0x000000075d500000)
 ParOldGen       total 65536K, used 5211K [0x0000000687800000, 0x000000068b800000, 0x0000000757d80000)
  object space 65536K, 7% used [0x0000000687800000,0x0000000687d16f50,0x000000068b800000)
 Metaspace       used 11872K, capacity 12070K, committed 12416K, reserved 1060864K
  class space    used 1275K, capacity 1338K, committed 1408K, reserved 1048576K
Event: 26.726 GC heap after
Heap after GC invocations=32 (full 0):
 PSYoungGen      total 77312K, used 96K [0x0000000757d80000, 0x000000075d300000, 0x00000007c0000000)
  eden space 76800K, 0% used [0x0000000757d80000,0x0000000757d80000,0x000000075c880000)
  from space 512K, 18% used [0x000000075d280000,0x000000075d298000,0x000000075d300000)
  to   space 2560K, 0% used [0x000000075ce00000,0x000000075ce00000,0x000000075d080000)
 ParOldGen       total 65536K, used 5227K [0x0000000687800000, 0x000000068b800000, 0x0000000757d80000)
  object space 65536K, 7% used [0x0000000687800000,0x0000000687d1af50,0x000000068b800000)
 Metaspace       used 11872K, capacity 12070K, committed 12416K, reserved 1060864K
  class space    used 1275K, capacity 1338K, committed 1408K, reserved 1048576K
}
Event: 27.576 GC heap before
{Heap before GC invocations=33 (full 0):
 PSYoungGen      total 77312K, used 76896K [0x0000000757d80000, 0x000000075d300000, 0x00000007c0000000)
  eden space 76800K, 100% used [0x0000000757d80000,0x000000075c880000,0x000000075c880000)
  from space 512K, 18% used [0x000000075d280000,0x000000075d298000,0x000000075d300000)
  to   space 2560K, 0% used [0x000000075ce00000,0x000000075ce00000,0x000000075d080000)
 ParOldGen       total 65536K, used 5227K [0x0000000687800000, 0x000000068b800000, 0x0000000757d80000)
  object space 65536K, 7% used [0x0000000687800000,0x0000000687d1af50,0x000000068b800000)
 Metaspace       used 11872K, capacity 12070K, committed 12416K, reserved 1060864K
  class space    used 1275K, capacity 1338K, committed 1408K, reserved 1048576K
Event: 27.577 GC heap after
Heap after GC invocations=33 (full 0):
 PSYoungGen      total 76800K, used 64K [0x0000000757d80000, 0x000000075d300000, 0x00000007c0000000)
  eden space 74240K, 0% used [0x0000000757d80000,0x0000000757d80000,0x000000075c600000)
  from space 2560K, 2% used [0x000000075ce00000,0x000000075ce10000,0x000000075d080000)
  to   space 2560K, 0% used [0x000000075d080000,0x000000075d080000,0x000000075d300000)
 ParOldGen       total 65536K, used 5248K [0x0000000687800000, 0x000000068b800000, 0x0000000757d80000)
  object space 65536K, 8% used [0x0000000687800000,0x0000000687d202a8,0x000000068b800000)
 Metaspace       used 11872K, capacity 12070K, committed 12416K, reserved 1060864K
  class space    used 1275K, capacity 1338K, committed 1408K, reserved 1048576K
}
Event: 28.397 GC heap before
{Heap before GC invocations=34 (full 0):
 PSYoungGen      total 76800K, used 74304K [0x0000000757d80000, 0x000000075d300000, 0x00000007c0000000)
  eden space 74240K, 100% used [0x0000000757d80000,0x000000075c600000,0x000000075c600000)
  from space 2560K, 2% used [0x000000075ce00000,0x000000075ce10000,0x000000075d080000)
  to   space 2560K, 0% used [0x000000075d080000,0x000000075d080000,0x000000075d300000)
 ParOldGen       total 65536K, used 5248K [0x0000000687800000, 0x000000068b800000, 0x0000000757d80000)
  object space 65536K, 8% used [0x0000000687800000,0x0000000687d202a8,0x000000068b800000)
 Metaspace       used 11872K, capacity 12070K, committed 12416K, reserved 1060864K
  class space    used 1275K, capacity 1338K, committed 1408K, reserved 1048576K
Event: 28.398 GC heap after
Heap after GC invocations=34 (full 0):
 PSYoungGen      total 72192K, used 64K [0x0000000757d80000, 0x000000075d100000, 0x00000007c0000000)
  eden space 71680K, 0% used [0x0000000757d80000,0x0000000757d80000,0x000000075c380000)
  from space 512K, 12% used [0x000000075d080000,0x000000075d090000,0x000000075d100000)
  to   space 2048K, 0% used [0x000000075cd00000,0x000000075cd00000,0x000000075cf00000)
 ParOldGen       total 65536K, used 5264K [0x0000000687800000, 0x000000068b800000, 0x0000000757d80000)
  object space 65536K, 8% used [0x0000000687800000,0x0000000687d242a8,0x000000068b800000)
 Metaspace       used 11872K, capacity 12070K, committed 12416K, reserved 1060864K
  class space    used 1275K, capacity 1338K, committed 1408K, reserved 1048576K
}

