# JRE version: Java(TM) SE Runtime Environment (8.0_73-b02) (build 1.8.0_73-b02)
# Java VM: Java HotSpot(TM) 64-Bit Server VM (25.73-b02 mixed mode windows-amd64 compressed oops)
Heap:
 PSYoungGen      total 115200K, used 83977K [0x0000000757d80000, 0x0000000761c80000, 0x00000007c0000000)
  eden space 114688K, 73% used [0x0000000757d80000,0x000000075cf62540,0x000000075ed80000)
  from space 512K, 25% used [0x0000000761b80000,0x0000000761ba0000,0x0000000761c00000)
  to   space 512K, 0% used [0x0000000761c00000,0x0000000761c00000,0x0000000761c80000)
 ParOldGen       total 65536K, used 8856K [0x0000000687800000, 0x000000068b800000, 0x0000000757d80000)
  object space 65536K, 13% used [0x0000000687800000,0x00000006880a6018,0x000000068b800000)
 Metaspace       used 12611K, capacity 12852K, committed 12928K, reserved 1060864K
  class space    used 1344K, capacity 1405K, committed 1408K, reserved 1048576K
GC Heap History (10 events):
Event: 76.631 GC heap before
{Heap before GC invocations=201 (full 0):
 PSYoungGen      total 72192K, used 71808K [0x0000000757d80000, 0x0000000761c80000, 0x00000007c0000000)
  eden space 71680K, 100% used [0x0000000757d80000,0x000000075c380000,0x000000075c380000)
  from space 512K, 25% used [0x0000000761c00000,0x0000000761c20000,0x0000000761c80000)
  to   space 512K, 0% used [0x0000000761b80000,0x0000000761b80000,0x0000000761c00000)
 ParOldGen       total 65536K, used 8745K [0x0000000687800000, 0x000000068b800000, 0x0000000757d80000)
  object space 65536K, 13% used [0x0000000687800000,0x000000068808a5b8,0x000000068b800000)
 Metaspace       used 12610K, capacity 12852K, committed 12928K, reserved 1060864K
  class space    used 1344K, capacity 1405K, committed 1408K, reserved 1048576K
Event: 76.632 GC heap after
Heap after GC invocations=201 (full 0):
 PSYoungGen      total 86528K, used 128K [0x0000000757d80000, 0x0000000761c80000, 0x00000007c0000000)
  eden space 86016K, 0% used [0x0000000757d80000,0x0000000757d80000,0x000000075d180000)
  from space 512K, 25% used [0x0000000761b80000,0x0000000761ba0000,0x0000000761c00000)
  to   space 512K, 0% used [0x0000000761c00000,0x0000000761c00000,0x0000000761c80000)
 ParOldGen       total 65536K, used 8769K [0x0000000687800000, 0x000000068b800000, 0x0000000757d80000)
  object space 65536K, 13% used [0x0000000687800000,0x00000006880905b8,0x000000068b800000)
 Metaspace       used 12610K, capacity 12852K, committed 12928K, reserved 1060864K
  class space    used 1344K, capacity 1405K, committed 1408K, reserved 1048576K
}
Event: 76.853 GC heap before
{Heap before GC invocations=202 (full 0):
 PSYoungGen      total 86528K, used 86144K [0x0000000757d80000, 0x0000000761c80000, 0x00000007c0000000)
  eden space 86016K, 100% used [0x0000000757d80000,0x000000075d180000,0x000000075d180000)
  from space 512K, 25% used [0x0000000761b80000,0x0000000761ba0000,0x0000000761c00000)
  to   space 512K, 0% used [0x0000000761c00000,0x0000000761c00000,0x0000000761c80000)
 ParOldGen       total 65536K, used 8777K [0x0000000687800000, 0x000000068b800000, 0x0000000757d80000)
  object space 65536K, 13% used [0x0000000687800000,0x0000000688092630,0x000000068b800000)
 Metaspace       used 12610K, capacity 12852K, committed 12928K, reserved 1060864K
  class space    used 1344K, capacity 1405K, committed 1408K, reserved 1048576K
Event: 76.853 GC heap after
Heap after GC invocations=202 (full 0):
 PSYoungGen      total 103936K, used 128K [0x0000000757d80000, 0x0000000761c80000, 0x00000007c0000000)
  eden space 103424K, 0% used [0x0000000757d80000,0x0000000757d80000,0x000000075e280000)
  from space 512K, 25% used [0x0000000761c00000,0x0000000761c20000,0x0000000761c80000)
  to   space 512K, 0% used [0x0000000761b80000,0x0000000761b80000,0x0000000761c00000)
 ParOldGen       total 65536K, used 8793K [0x0000000687800000, 0x000000068b800000, 0x0000000757d80000)
  object space 65536K, 13% used [0x0000000687800000,0x0000000688096630,0x000000068b800000)
 Metaspace       used 12610K, capacity 12852K, committed 12928K, reserved 1060864K
  class space    used 1344K, capacity 1405K, committed 1408K, reserved 1048576K
}
Event: 77.121 GC heap before
{Heap before GC invocations=203 (full 0):
 PSYoungGen      total 103936K, used 103552K [0x0000000757d80000, 0x0000000761c80000, 0x00000007c0000000)
  eden space 103424K, 100% used [0x0000000757d80000,0x000000075e280000,0x000000075e280000)
  from space 512K, 25% used [0x0000000761c00000,0x0000000761c20000,0x0000000761c80000)
  to   space 512K, 0% used [0x0000000761b80000,0x0000000761b80000,0x0000000761c00000)
 ParOldGen       total 65536K, used 8796K [0x0000000687800000, 0x000000068b800000, 0x0000000757d80000)
  object space 65536K, 13% used [0x0000000687800000,0x00000006880971c0,0x000000068b800000)
 Metaspace       used 12610K, capacity 12852K, committed 12928K, reserved 1060864K
  class space    used 1344K, capacity 1405K, committed 1408K, reserved 1048576K
Event: 77.122 GC heap after
Heap after GC invocations=203 (full 0):
 PSYoungGen      total 124928K, used 96K [0x0000000757d80000, 0x0000000761c80000, 0x00000007c0000000)
  eden space 124416K, 0% used [0x0000000757d80000,0x0000000757d80000,0x000000075f700000)
  from space 512K, 18% used [0x0000000761b80000,0x0000000761b98000,0x0000000761c00000)
  to   space 512K, 0% used [0x0000000761c00000,0x0000000761c00000,0x0000000761c80000)
 ParOldGen       total 65536K, used 8804K [0x0000000687800000, 0x000000068b800000, 0x0000000757d80000)
  object space 65536K, 13% used [0x0000000687800000,0x00000006880991c0,0x000000068b800000)
 Metaspace       used 12610K, capacity 12852K, committed 12928K, reserved 1060864K
  class space    used 1344K, capacity 1405K, committed 1408K, reserved 1048576K
}
Event: 77.438 GC heap before
{Heap before GC invocations=204 (full 0):
 PSYoungGen      total 124928K, used 124512K [0x0000000757d80000, 0x0000000761c80000, 0x00000007c0000000)
  eden space 124416K, 100% used [0x0000000757d80000,0x000000075f700000,0x000000075f700000)
  from space 512K, 18% used [0x0000000761b80000,0x0000000761b98000,0x0000000761c00000)
  to   space 512K, 0% used [0x0000000761c00000,0x0000000761c00000,0x0000000761c80000)
 ParOldGen       total 65536K, used 8804K [0x0000000687800000, 0x000000068b800000, 0x0000000757d80000)
  object space 65536K, 13% used [0x0000000687800000,0x00000006880991d0,0x000000068b800000)
 Metaspace       used 12610K, capacity 12852K, committed 12928K, reserved 1060864K
  class space    used 1344K, capacity 1405K, committed 1408K, reserved 1048576K
Event: 77.439 GC heap after
Heap after GC invocations=204 (full 0):
 PSYoungGen      total 119808K, used 128K [0x0000000757d80000, 0x0000000761c80000, 0x00000007c0000000)
  eden space 119296K, 0% used [0x0000000757d80000,0x0000000757d80000,0x000000075f200000)
  from space 512K, 25% used [0x0000000761c00000,0x0000000761c20000,0x0000000761c80000)
  to   space 512K, 0% used [0x0000000761b80000,0x0000000761b80000,0x0000000761c00000)
 ParOldGen       total 65536K, used 8820K [0x0000000687800000, 0x000000068b800000, 0x0000000757d80000)
  object space 65536K, 13% used [0x0000000687800000,0x000000068809d1d0,0x000000068b800000)
 Metaspace       used 12610K, capacity 12852K, committed 12928K, reserved 1060864K
  class space    used 1344K, capacity 1405K, committed 1408K, reserved 1048576K
}
Event: 77.752 GC heap before
{Heap before GC invocations=205 (full 0):
 PSYoungGen      total 119808K, used 119424K [0x0000000757d80000, 0x0000000761c80000, 0x00000007c0000000)
  eden space 119296K, 100% used [0x0000000757d80000,0x000000075f200000,0x000000075f200000)
  from space 512K, 25% used [0x0000000761c00000,0x0000000761c20000,0x0000000761c80000)
  to   space 512K, 0% used [0x0000000761b80000,0x0000000761b80000,0x0000000761c00000)
 ParOldGen       total 65536K, used 8832K [0x0000000687800000, 0x000000068b800000, 0x0000000757d80000)
  object space 65536K, 13% used [0x0000000687800000,0x00000006880a0018,0x000000068b800000)
 Metaspace       used 12610K, capacity 12852K, committed 12928K, reserved 1060864K
  class space    used 1344K, capacity 1405K, committed 1408K, reserved 1048576K
Event: 77.753 GC heap after
Heap after GC invocations=205 (full 0):
 PSYoungGen      total 115200K, used 128K [0x0000000757d80000, 0x0000000761c80000, 0x00000007c0000000)
  eden space 114688K, 0% used [0x0000000757d80000,0x0000000757d80000,0x000000075ed80000)
  from space 512K, 25% used [0x0000000761b80000,0x0000000761ba0000,0x0000000761c00000)
  to   space 512K, 0% used [0x0000000761c00000,0x0000000761c00000,0x0000000761c80000)
 ParOldGen       total 65536K, used 8856K [0x0000000687800000, 0x000000068b800000, 0x0000000757d80000)
  object space 65536K, 13% used [0x0000000687800000,0x00000006880a6018,0x000000068b800000)
 Metaspace       used 12610K, capacity 12852K, committed 12928K, reserved 1060864K
  class space    used 1344K, capacity 1405K, committed 1408K, reserved 1048576K
}

