# JRE version: Java(TM) SE Runtime Environment (8.0_73-b02) (build 1.8.0_73-b02)
# Java VM: Java HotSpot(TM) 64-Bit Server VM (25.73-b02 mixed mode windows-amd64 compressed oops)
Heap:
 PSYoungGen      total 95744K, used 16429K [0x0000000757d80000, 0x000000075e280000, 0x00000007c0000000)
  eden space 95232K, 17% used [0x0000000757d80000,0x0000000758d834a8,0x000000075da80000)
  from space 512K, 6% used [0x000000075db00000,0x000000075db08000,0x000000075db80000)
  to   space 512K, 0% used [0x000000075da80000,0x000000075da80000,0x000000075db00000)
 ParOldGen       total 65536K, used 6386K [0x0000000687800000, 0x000000068b800000, 0x0000000757d80000)
  object space 65536K, 9% used [0x0000000687800000,0x0000000687e3c980,0x000000068b800000)
 Metaspace       used 11908K, capacity 12158K, committed 12416K, reserved 1060864K
  class space    used 1281K, capacity 1370K, committed 1408K, reserved 1048576K
GC Heap History (10 events):
Event: 85.541 GC heap before
{Heap before GC invocations=112 (full 0):
 PSYoungGen      total 86528K, used 86080K [0x0000000757d80000, 0x000000075db80000, 0x00000007c0000000)
  eden space 86016K, 100% used [0x0000000757d80000,0x000000075d180000,0x000000075d180000)
  from space 512K, 12% used [0x000000075da80000,0x000000075da90000,0x000000075db00000)
  to   space 512K, 0% used [0x000000075db00000,0x000000075db00000,0x000000075db80000)
 ParOldGen       total 65536K, used 6314K [0x0000000687800000, 0x000000068b800000, 0x0000000757d80000)
  object space 65536K, 9% used [0x0000000687800000,0x0000000687e2a980,0x000000068b800000)
 Metaspace       used 11908K, capacity 12158K, committed 12416K, reserved 1060864K
  class space    used 1281K, capacity 1370K, committed 1408K, reserved 1048576K
Event: 85.541 GC heap after
Heap after GC invocations=112 (full 0):
 PSYoungGen      total 95744K, used 64K [0x0000000757d80000, 0x000000075e380000, 0x00000007c0000000)
  eden space 95232K, 0% used [0x0000000757d80000,0x0000000757d80000,0x000000075da80000)
  from space 512K, 12% used [0x000000075db00000,0x000000075db10000,0x000000075db80000)
  to   space 512K, 0% used [0x000000075da80000,0x000000075da80000,0x000000075db00000)
 ParOldGen       total 65536K, used 6322K [0x0000000687800000, 0x000000068b800000, 0x0000000757d80000)
  object space 65536K, 9% used [0x0000000687800000,0x0000000687e2c980,0x000000068b800000)
 Metaspace       used 11908K, capacity 12158K, committed 12416K, reserved 1060864K
  class space    used 1281K, capacity 1370K, committed 1408K, reserved 1048576K
}
Event: 86.595 GC heap before
{Heap before GC invocations=113 (full 0):
 PSYoungGen      total 95744K, used 95296K [0x0000000757d80000, 0x000000075e380000, 0x00000007c0000000)
  eden space 95232K, 100% used [0x0000000757d80000,0x000000075da80000,0x000000075da80000)
  from space 512K, 12% used [0x000000075db00000,0x000000075db10000,0x000000075db80000)
  to   space 512K, 0% used [0x000000075da80000,0x000000075da80000,0x000000075db00000)
 ParOldGen       total 65536K, used 6322K [0x0000000687800000, 0x000000068b800000, 0x0000000757d80000)
  object space 65536K, 9% used [0x0000000687800000,0x0000000687e2c980,0x000000068b800000)
 Metaspace       used 11908K, capacity 12158K, committed 12416K, reserved 1060864K
  class space    used 1281K, capacity 1370K, committed 1408K, reserved 1048576K
Event: 86.596 GC heap after
Heap after GC invocations=113 (full 0):
 PSYoungGen      total 92160K, used 64K [0x0000000757d80000, 0x000000075db80000, 0x00000007c0000000)
  eden space 91648K, 0% used [0x0000000757d80000,0x0000000757d80000,0x000000075d700000)
  from space 512K, 12% used [0x000000075da80000,0x000000075da90000,0x000000075db00000)
  to   space 512K, 0% used [0x000000075db00000,0x000000075db00000,0x000000075db80000)
 ParOldGen       total 65536K, used 6338K [0x0000000687800000, 0x000000068b800000, 0x0000000757d80000)
  object space 65536K, 9% used [0x0000000687800000,0x0000000687e30980,0x000000068b800000)
 Metaspace       used 11908K, capacity 12158K, committed 12416K, reserved 1060864K
  class space    used 1281K, capacity 1370K, committed 1408K, reserved 1048576K
}
Event: 87.657 GC heap before
{Heap before GC invocations=114 (full 0):
 PSYoungGen      total 92160K, used 91712K [0x0000000757d80000, 0x000000075db80000, 0x00000007c0000000)
  eden space 91648K, 100% used [0x0000000757d80000,0x000000075d700000,0x000000075d700000)
  from space 512K, 12% used [0x000000075da80000,0x000000075da90000,0x000000075db00000)
  to   space 512K, 0% used [0x000000075db00000,0x000000075db00000,0x000000075db80000)
 ParOldGen       total 65536K, used 6338K [0x0000000687800000, 0x000000068b800000, 0x0000000757d80000)
  object space 65536K, 9% used [0x0000000687800000,0x0000000687e30980,0x000000068b800000)
 Metaspace       used 11908K, capacity 12158K, committed 12416K, reserved 1060864K
  class space    used 1281K, capacity 1370K, committed 1408K, reserved 1048576K
Event: 87.658 GC heap after
Heap after GC invocations=114 (full 0):
 PSYoungGen      total 88576K, used 64K [0x0000000757d80000, 0x000000075db80000, 0x00000007c0000000)
  eden space 88064K, 0% used [0x0000000757d80000,0x0000000757d80000,0x000000075d380000)
  from space 512K, 12% used [0x000000075db00000,0x000000075db10000,0x000000075db80000)
  to   space 512K, 0% used [0x000000075da80000,0x000000075da80000,0x000000075db00000)
 ParOldGen       total 65536K, used 6354K [0x0000000687800000, 0x000000068b800000, 0x0000000757d80000)
  object space 65536K, 9% used [0x0000000687800000,0x0000000687e34980,0x000000068b800000)
 Metaspace       used 11908K, capacity 12158K, committed 12416K, reserved 1060864K
  class space    used 1281K, capacity 1370K, committed 1408K, reserved 1048576K
}
Event: 88.646 GC heap before
{Heap before GC invocations=115 (full 0):
 PSYoungGen      total 88576K, used 88128K [0x0000000757d80000, 0x000000075db80000, 0x00000007c0000000)
  eden space 88064K, 100% used [0x0000000757d80000,0x000000075d380000,0x000000075d380000)
  from space 512K, 12% used [0x000000075db00000,0x000000075db10000,0x000000075db80000)
  to   space 512K, 0% used [0x000000075da80000,0x000000075da80000,0x000000075db00000)
 ParOldGen       total 65536K, used 6354K [0x0000000687800000, 0x000000068b800000, 0x0000000757d80000)
  object space 65536K, 9% used [0x0000000687800000,0x0000000687e34980,0x000000068b800000)
 Metaspace       used 11908K, capacity 12158K, committed 12416K, reserved 1060864K
  class space    used 1281K, capacity 1370K, committed 1408K, reserved 1048576K
Event: 88.648 GC heap after
Heap after GC invocations=115 (full 0):
 PSYoungGen      total 85504K, used 64K [0x0000000757d80000, 0x000000075db80000, 0x00000007c0000000)
  eden space 84992K, 0% used [0x0000000757d80000,0x0000000757d80000,0x000000075d080000)
  from space 512K, 12% used [0x000000075da80000,0x000000075da90000,0x000000075db00000)
  to   space 512K, 0% used [0x000000075db00000,0x000000075db00000,0x000000075db80000)
 ParOldGen       total 65536K, used 6378K [0x0000000687800000, 0x000000068b800000, 0x0000000757d80000)
  object space 65536K, 9% used [0x0000000687800000,0x0000000687e3a980,0x000000068b800000)
 Metaspace       used 11908K, capacity 12158K, committed 12416K, reserved 1060864K
  class space    used 1281K, capacity 1370K, committed 1408K, reserved 1048576K
}
Event: 89.638 GC heap before
{Heap before GC invocations=116 (full 0):
 PSYoungGen      total 85504K, used 85056K [0x0000000757d80000, 0x000000075db80000, 0x00000007c0000000)
  eden space 84992K, 100% used [0x0000000757d80000,0x000000075d080000,0x000000075d080000)
  from space 512K, 12% used [0x000000075da80000,0x000000075da90000,0x000000075db00000)
  to   space 512K, 0% used [0x000000075db00000,0x000000075db00000,0x000000075db80000)
 ParOldGen       total 65536K, used 6378K [0x0000000687800000, 0x000000068b800000, 0x0000000757d80000)
  object space 65536K, 9% used [0x0000000687800000,0x0000000687e3a980,0x000000068b800000)
 Metaspace       used 11908K, capacity 12158K, committed 12416K, reserved 1060864K
  class space    used 1281K, capacity 1370K, committed 1408K, reserved 1048576K
Event: 89.733 GC heap after
Heap after GC invocations=116 (full 0):
 PSYoungGen      total 95744K, used 32K [0x0000000757d80000, 0x000000075e280000, 0x00000007c0000000)
  eden space 95232K, 0% used [0x0000000757d80000,0x0000000757d80000,0x000000075da80000)
  from space 512K, 6% used [0x000000075db00000,0x000000075db08000,0x000000075db80000)
  to   space 512K, 0% used [0x000000075da80000,0x000000075da80000,0x000000075db00000)
 ParOldGen       total 65536K, used 6386K [0x0000000687800000, 0x000000068b800000, 0x0000000757d80000)
  object space 65536K, 9% used [0x0000000687800000,0x0000000687e3c980,0x000000068b800000)
 Metaspace       used 11908K, capacity 12158K, committed 12416K, reserved 1060864K
  class space    used 1281K, capacity 1370K, committed 1408K, reserved 1048576K
}

