# JRE version: Java(TM) SE Runtime Environment (8.0_73-b02) (build 1.8.0_73-b02)
# Java VM: Java HotSpot(TM) 64-Bit Server VM (25.73-b02 mixed mode windows-amd64 compressed oops)
Heap:
 PSYoungGen      total 696832K, used 311201K [0x00000000d5580000, 0x0000000100000000, 0x0000000100000000)
  eden space 694784K, 44% used [0x00000000d5580000,0x00000000e84f8728,0x00000000ffc00000)
  from space 2048K, 21% used [0x00000000ffe00000,0x00000000ffe70000,0x0000000100000000)
  to   space 2048K, 0% used [0x00000000ffc00000,0x00000000ffc00000,0x00000000ffe00000)
 ParOldGen       total 1398272K, used 34350K [0x0000000080000000, 0x00000000d5580000, 0x00000000d5580000)
  object space 1398272K, 2% used [0x0000000080000000,0x000000008218bbd0,0x00000000d5580000)
 Metaspace       used 18208K, capacity 18478K, committed 18688K, reserved 1067008K
  class space    used 1885K, capacity 1982K, committed 2048K, reserved 1048576K
GC Heap History (10 events):
Event: 84.822 GC heap before
{Heap before GC invocations=56 (full 0):
 PSYoungGen      total 695808K, used 693690K [0x00000000d5580000, 0x0000000100000000, 0x0000000100000000)
  eden space 693248K, 100% used [0x00000000d5580000,0x00000000ffa80000,0x00000000ffa80000)
  from space 2560K, 17% used [0x00000000ffa80000,0x00000000ffaeeaa8,0x00000000ffd00000)
  to   space 2560K, 0% used [0x00000000ffd80000,0x00000000ffd80000,0x0000000100000000)
 ParOldGen       total 1398272K, used 33174K [0x0000000080000000, 0x00000000d5580000, 0x00000000d5580000)
  object space 1398272K, 2% used [0x0000000080000000,0x0000000082065bd0,0x00000000d5580000)
 Metaspace       used 18116K, capacity 18350K, committed 18688K, reserved 1067008K
  class space    used 1885K, capacity 1982K, committed 2048K, reserved 1048576K
Event: 84.825 GC heap after
Heap after GC invocations=56 (full 0):
 PSYoungGen      total 696320K, used 646K [0x00000000d5580000, 0x0000000100000000, 0x0000000100000000)
  eden space 693760K, 0% used [0x00000000d5580000,0x00000000d5580000,0x00000000ffb00000)
  from space 2560K, 25% used [0x00000000ffd80000,0x00000000ffe21948,0x0000000100000000)
  to   space 2560K, 0% used [0x00000000ffb00000,0x00000000ffb00000,0x00000000ffd80000)
 ParOldGen       total 1398272K, used 33398K [0x0000000080000000, 0x00000000d5580000, 0x00000000d5580000)
  object space 1398272K, 2% used [0x0000000080000000,0x000000008209dbd0,0x00000000d5580000)
 Metaspace       used 18116K, capacity 18350K, committed 18688K, reserved 1067008K
  class space    used 1885K, capacity 1982K, committed 2048K, reserved 1048576K
}
Event: 87.189 GC heap before
{Heap before GC invocations=57 (full 0):
 PSYoungGen      total 696320K, used 694406K [0x00000000d5580000, 0x0000000100000000, 0x0000000100000000)
  eden space 693760K, 100% used [0x00000000d5580000,0x00000000ffb00000,0x00000000ffb00000)
  from space 2560K, 25% used [0x00000000ffd80000,0x00000000ffe21948,0x0000000100000000)
  to   space 2560K, 0% used [0x00000000ffb00000,0x00000000ffb00000,0x00000000ffd80000)
 ParOldGen       total 1398272K, used 33398K [0x0000000080000000, 0x00000000d5580000, 0x00000000d5580000)
  object space 1398272K, 2% used [0x0000000080000000,0x000000008209dbd0,0x00000000d5580000)
 Metaspace       used 18122K, capacity 18350K, committed 18688K, reserved 1067008K
  class space    used 1885K, capacity 1982K, committed 2048K, reserved 1048576K
Event: 87.192 GC heap after
Heap after GC invocations=57 (full 0):
 PSYoungGen      total 696320K, used 519K [0x00000000d5580000, 0x0000000100000000, 0x0000000100000000)
  eden space 693760K, 0% used [0x00000000d5580000,0x00000000d5580000,0x00000000ffb00000)
  from space 2560K, 20% used [0x00000000ffb00000,0x00000000ffb81f40,0x00000000ffd80000)
  to   space 2560K, 0% used [0x00000000ffd80000,0x00000000ffd80000,0x0000000100000000)
 ParOldGen       total 1398272K, used 33710K [0x0000000080000000, 0x00000000d5580000, 0x00000000d5580000)
  object space 1398272K, 2% used [0x0000000080000000,0x00000000820ebbd0,0x00000000d5580000)
 Metaspace       used 18122K, capacity 18350K, committed 18688K, reserved 1067008K
  class space    used 1885K, capacity 1982K, committed 2048K, reserved 1048576K
}
Event: 89.499 GC heap before
{Heap before GC invocations=58 (full 0):
 PSYoungGen      total 696320K, used 694279K [0x00000000d5580000, 0x0000000100000000, 0x0000000100000000)
  eden space 693760K, 100% used [0x00000000d5580000,0x00000000ffb00000,0x00000000ffb00000)
  from space 2560K, 20% used [0x00000000ffb00000,0x00000000ffb81f40,0x00000000ffd80000)
  to   space 2560K, 0% used [0x00000000ffd80000,0x00000000ffd80000,0x0000000100000000)
 ParOldGen       total 1398272K, used 33710K [0x0000000080000000, 0x00000000d5580000, 0x00000000d5580000)
  object space 1398272K, 2% used [0x0000000080000000,0x00000000820ebbd0,0x00000000d5580000)
 Metaspace       used 18208K, capacity 18478K, committed 18688K, reserved 1067008K
  class space    used 1885K, capacity 1982K, committed 2048K, reserved 1048576K
Event: 89.502 GC heap after
Heap after GC invocations=58 (full 0):
 PSYoungGen      total 696832K, used 608K [0x00000000d5580000, 0x0000000100000000, 0x0000000100000000)
  eden space 694272K, 0% used [0x00000000d5580000,0x00000000d5580000,0x00000000ffb80000)
  from space 2560K, 23% used [0x00000000ffd80000,0x00000000ffe183d8,0x0000000100000000)
  to   space 2048K, 0% used [0x00000000ffb80000,0x00000000ffb80000,0x00000000ffd80000)
 ParOldGen       total 1398272K, used 33902K [0x0000000080000000, 0x00000000d5580000, 0x00000000d5580000)
  object space 1398272K, 2% used [0x0000000080000000,0x000000008211bbd0,0x00000000d5580000)
 Metaspace       used 18208K, capacity 18478K, committed 18688K, reserved 1067008K
  class space    used 1885K, capacity 1982K, committed 2048K, reserved 1048576K
}
Event: 91.674 GC heap before
{Heap before GC invocations=59 (full 0):
 PSYoungGen      total 696832K, used 694880K [0x00000000d5580000, 0x0000000100000000, 0x0000000100000000)
  eden space 694272K, 100% used [0x00000000d5580000,0x00000000ffb80000,0x00000000ffb80000)
  from space 2560K, 23% used [0x00000000ffd80000,0x00000000ffe183d8,0x0000000100000000)
  to   space 2048K, 0% used [0x00000000ffb80000,0x00000000ffb80000,0x00000000ffd80000)
 ParOldGen       total 1398272K, used 33902K [0x0000000080000000, 0x00000000d5580000, 0x00000000d5580000)
  object space 1398272K, 2% used [0x0000000080000000,0x000000008211bbd0,0x00000000d5580000)
 Metaspace       used 18208K, capacity 18478K, committed 18688K, reserved 1067008K
  class space    used 1885K, capacity 1982K, committed 2048K, reserved 1048576K
Event: 91.676 GC heap after
Heap after GC invocations=59 (full 0):
 PSYoungGen      total 696320K, used 313K [0x00000000d5580000, 0x0000000100000000, 0x0000000100000000)
  eden space 694272K, 0% used [0x00000000d5580000,0x00000000d5580000,0x00000000ffb80000)
  from space 2048K, 15% used [0x00000000ffb80000,0x00000000ffbce4e8,0x00000000ffd80000)
  to   space 2048K, 0% used [0x00000000ffe00000,0x00000000ffe00000,0x0000000100000000)
 ParOldGen       total 1398272K, used 34254K [0x0000000080000000, 0x00000000d5580000, 0x00000000d5580000)
  object space 1398272K, 2% used [0x0000000080000000,0x0000000082173bd0,0x00000000d5580000)
 Metaspace       used 18208K, capacity 18478K, committed 18688K, reserved 1067008K
  class space    used 1885K, capacity 1982K, committed 2048K, reserved 1048576K
}
Event: 93.974 GC heap before
{Heap before GC invocations=60 (full 0):
 PSYoungGen      total 696320K, used 694585K [0x00000000d5580000, 0x0000000100000000, 0x0000000100000000)
  eden space 694272K, 100% used [0x00000000d5580000,0x00000000ffb80000,0x00000000ffb80000)
  from space 2048K, 15% used [0x00000000ffb80000,0x00000000ffbce4e8,0x00000000ffd80000)
  to   space 2048K, 0% used [0x00000000ffe00000,0x00000000ffe00000,0x0000000100000000)
 ParOldGen       total 1398272K, used 34254K [0x0000000080000000, 0x00000000d5580000, 0x00000000d5580000)
  object space 1398272K, 2% used [0x0000000080000000,0x0000000082173bd0,0x00000000d5580000)
 Metaspace       used 18208K, capacity 18478K, committed 18688K, reserved 1067008K
  class space    used 1885K, capacity 1982K, committed 2048K, reserved 1048576K
Event: 93.976 GC heap after
Heap after GC invocations=60 (full 0):
 PSYoungGen      total 696832K, used 448K [0x00000000d5580000, 0x0000000100000000, 0x0000000100000000)
  eden space 694784K, 0% used [0x00000000d5580000,0x00000000d5580000,0x00000000ffc00000)
  from space 2048K, 21% used [0x00000000ffe00000,0x00000000ffe70000,0x0000000100000000)
  to   space 2048K, 0% used [0x00000000ffc00000,0x00000000ffc00000,0x00000000ffe00000)
 ParOldGen       total 1398272K, used 34350K [0x0000000080000000, 0x00000000d5580000, 0x00000000d5580000)
  object space 1398272K, 2% used [0x0000000080000000,0x000000008218bbd0,0x00000000d5580000)
 Metaspace       used 18208K, capacity 18478K, committed 18688K, reserved 1067008K
  class space    used 1885K, capacity 1982K, committed 2048K, reserved 1048576K
}

