# JRE version: Java(TM) SE Runtime Environment (8.0_73-b02) (build 1.8.0_73-b02)
# Java VM: Java HotSpot(TM) 64-Bit Server VM (25.73-b02 mixed mode windows-amd64 compressed oops)
Heap:
 PSYoungGen      total 1293312K, used 602549K [0x0000000757d80000, 0x00000007c0000000, 0x00000007c0000000)
  eden space 1290240K, 46% used [0x0000000757d80000,0x000000077c81f948,0x00000007a6980000)
  from space 3072K, 60% used [0x00000007a6980000,0x00000007a6b4dba8,0x00000007a6c80000)
  to   space 3072K, 0% used [0x00000007bfd00000,0x00000007bfd00000,0x00000007c0000000)
 ParOldGen       total 65536K, used 10212K [0x0000000687800000, 0x000000068b800000, 0x0000000757d80000)
  object space 65536K, 15% used [0x0000000687800000,0x00000006881f9250,0x000000068b800000)
 Metaspace       used 11967K, capacity 12150K, committed 12416K, reserved 1060864K
  class space    used 1279K, capacity 1342K, committed 1408K, reserved 1048576K
GC Heap History (10 events):
Event: 10.630 GC heap before
{Heap before GC invocations=13 (full 0):
 PSYoungGen      total 506880K, used 504320K [0x0000000757d80000, 0x0000000776f80000, 0x00000007c0000000)
  eden space 503808K, 100% used [0x0000000757d80000,0x0000000776980000,0x0000000776980000)
  from space 3072K, 16% used [0x0000000776c80000,0x0000000776d00000,0x0000000776f80000)
  to   space 3072K, 0% used [0x0000000776980000,0x0000000776980000,0x0000000776c80000)
 ParOldGen       total 65536K, used 6010K [0x0000000687800000, 0x000000068b800000, 0x0000000757d80000)
  object space 65536K, 9% used [0x0000000687800000,0x0000000687dde8c8,0x000000068b800000)
 Metaspace       used 11950K, capacity 12150K, committed 12416K, reserved 1060864K
  class space    used 1277K, capacity 1342K, committed 1408K, reserved 1048576K
Event: 10.632 GC heap after
Heap after GC invocations=13 (full 0):
 PSYoungGen      total 506880K, used 800K [0x0000000757d80000, 0x0000000789700000, 0x00000007c0000000)
  eden space 503808K, 0% used [0x0000000757d80000,0x0000000757d80000,0x0000000776980000)
  from space 3072K, 26% used [0x0000000776980000,0x0000000776a48000,0x0000000776c80000)
  to   space 3072K, 0% used [0x0000000789400000,0x0000000789400000,0x0000000789700000)
 ParOldGen       total 65536K, used 6458K [0x0000000687800000, 0x000000068b800000, 0x0000000757d80000)
  object space 65536K, 9% used [0x0000000687800000,0x0000000687e4e8c8,0x000000068b800000)
 Metaspace       used 11950K, capacity 12150K, committed 12416K, reserved 1060864K
  class space    used 1277K, capacity 1342K, committed 1408K, reserved 1048576K
}
Event: 12.463 GC heap before
{Heap before GC invocations=14 (full 0):
 PSYoungGen      total 506880K, used 504608K [0x0000000757d80000, 0x0000000789700000, 0x00000007c0000000)
  eden space 503808K, 100% used [0x0000000757d80000,0x0000000776980000,0x0000000776980000)
  from space 3072K, 26% used [0x0000000776980000,0x0000000776a48000,0x0000000776c80000)
  to   space 3072K, 0% used [0x0000000789400000,0x0000000789400000,0x0000000789700000)
 ParOldGen       total 65536K, used 6458K [0x0000000687800000, 0x000000068b800000, 0x0000000757d80000)
  object space 65536K, 9% used [0x0000000687800000,0x0000000687e4e8c8,0x000000068b800000)
 Metaspace       used 11957K, capacity 12150K, committed 12416K, reserved 1060864K
  class space    used 1277K, capacity 1342K, committed 1408K, reserved 1048576K
Event: 12.466 GC heap after
Heap after GC invocations=14 (full 0):
 PSYoungGen      total 809472K, used 800K [0x0000000757d80000, 0x0000000789700000, 0x00000007c0000000)
  eden space 806400K, 0% used [0x0000000757d80000,0x0000000757d80000,0x0000000789100000)
  from space 3072K, 26% used [0x0000000789400000,0x00000007894c8000,0x0000000789700000)
  to   space 3072K, 0% used [0x0000000789100000,0x0000000789100000,0x0000000789400000)
 ParOldGen       total 65536K, used 7186K [0x0000000687800000, 0x000000068b800000, 0x0000000757d80000)
  object space 65536K, 10% used [0x0000000687800000,0x0000000687f048c8,0x000000068b800000)
 Metaspace       used 11957K, capacity 12150K, committed 12416K, reserved 1060864K
  class space    used 1277K, capacity 1342K, committed 1408K, reserved 1048576K
}
Event: 15.348 GC heap before
{Heap before GC invocations=15 (full 0):
 PSYoungGen      total 809472K, used 807200K [0x0000000757d80000, 0x0000000789700000, 0x00000007c0000000)
  eden space 806400K, 100% used [0x0000000757d80000,0x0000000789100000,0x0000000789100000)
  from space 3072K, 26% used [0x0000000789400000,0x00000007894c8000,0x0000000789700000)
  to   space 3072K, 0% used [0x0000000789100000,0x0000000789100000,0x0000000789400000)
 ParOldGen       total 65536K, used 7186K [0x0000000687800000, 0x000000068b800000, 0x0000000757d80000)
  object space 65536K, 10% used [0x0000000687800000,0x0000000687f048c8,0x000000068b800000)
 Metaspace       used 11964K, capacity 12150K, committed 12416K, reserved 1060864K
  class space    used 1278K, capacity 1342K, committed 1408K, reserved 1048576K
Event: 15.354 GC heap after
Heap after GC invocations=15 (full 0):
 PSYoungGen      total 809472K, used 1184K [0x0000000757d80000, 0x00000007a6f80000, 0x00000007c0000000)
  eden space 806400K, 0% used [0x0000000757d80000,0x0000000757d80000,0x0000000789100000)
  from space 3072K, 38% used [0x0000000789100000,0x0000000789228000,0x0000000789400000)
  to   space 3072K, 0% used [0x00000007a6c80000,0x00000007a6c80000,0x00000007a6f80000)
 ParOldGen       total 65536K, used 7930K [0x0000000687800000, 0x000000068b800000, 0x0000000757d80000)
  object space 65536K, 12% used [0x0000000687800000,0x0000000687fbea70,0x000000068b800000)
 Metaspace       used 11964K, capacity 12150K, committed 12416K, reserved 1060864K
  class space    used 1278K, capacity 1342K, committed 1408K, reserved 1048576K
}
Event: 18.082 GC heap before
{Heap before GC invocations=16 (full 0):
 PSYoungGen      total 809472K, used 807584K [0x0000000757d80000, 0x00000007a6f80000, 0x00000007c0000000)
  eden space 806400K, 100% used [0x0000000757d80000,0x0000000789100000,0x0000000789100000)
  from space 3072K, 38% used [0x0000000789100000,0x0000000789228000,0x0000000789400000)
  to   space 3072K, 0% used [0x00000007a6c80000,0x00000007a6c80000,0x00000007a6f80000)
 ParOldGen       total 65536K, used 7930K [0x0000000687800000, 0x000000068b800000, 0x0000000757d80000)
  object space 65536K, 12% used [0x0000000687800000,0x0000000687fbea88,0x000000068b800000)
 Metaspace       used 11965K, capacity 12150K, committed 12416K, reserved 1060864K
  class space    used 1279K, capacity 1342K, committed 1408K, reserved 1048576K
Event: 18.085 GC heap after
Heap after GC invocations=16 (full 0):
 PSYoungGen      total 1293312K, used 1188K [0x0000000757d80000, 0x00000007a6f80000, 0x00000007c0000000)
  eden space 1290240K, 0% used [0x0000000757d80000,0x0000000757d80000,0x00000007a6980000)
  from space 3072K, 38% used [0x00000007a6c80000,0x00000007a6da9278,0x00000007a6f80000)
  to   space 3072K, 0% used [0x00000007a6980000,0x00000007a6980000,0x00000007a6c80000)
 ParOldGen       total 65536K, used 9082K [0x0000000687800000, 0x000000068b800000, 0x0000000757d80000)
  object space 65536K, 13% used [0x0000000687800000,0x00000006880dea88,0x000000068b800000)
 Metaspace       used 11965K, capacity 12150K, committed 12416K, reserved 1060864K
  class space    used 1279K, capacity 1342K, committed 1408K, reserved 1048576K
}
Event: 22.330 GC heap before
{Heap before GC invocations=17 (full 0):
 PSYoungGen      total 1293312K, used 1291428K [0x0000000757d80000, 0x00000007a6f80000, 0x00000007c0000000)
  eden space 1290240K, 100% used [0x0000000757d80000,0x00000007a6980000,0x00000007a6980000)
  from space 3072K, 38% used [0x00000007a6c80000,0x00000007a6da9278,0x00000007a6f80000)
  to   space 3072K, 0% used [0x00000007a6980000,0x00000007a6980000,0x00000007a6c80000)
 ParOldGen       total 65536K, used 9084K [0x0000000687800000, 0x000000068b800000, 0x0000000757d80000)
  object space 65536K, 13% used [0x0000000687800000,0x00000006880df250,0x000000068b800000)
 Metaspace       used 11967K, capacity 12150K, committed 12416K, reserved 1060864K
  class space    used 1279K, capacity 1342K, committed 1408K, reserved 1048576K
Event: 22.333 GC heap after
Heap after GC invocations=17 (full 0):
 PSYoungGen      total 1293312K, used 1846K [0x0000000757d80000, 0x00000007c0000000, 0x00000007c0000000)
  eden space 1290240K, 0% used [0x0000000757d80000,0x0000000757d80000,0x00000007a6980000)
  from space 3072K, 60% used [0x00000007a6980000,0x00000007a6b4dba8,0x00000007a6c80000)
  to   space 3072K, 0% used [0x00000007bfd00000,0x00000007bfd00000,0x00000007c0000000)
 ParOldGen       total 65536K, used 10212K [0x0000000687800000, 0x000000068b800000, 0x0000000757d80000)
  object space 65536K, 15% used [0x0000000687800000,0x00000006881f9250,0x000000068b800000)
 Metaspace       used 11967K, capacity 12150K, committed 12416K, reserved 1060864K
  class space    used 1279K, capacity 1342K, committed 1408K, reserved 1048576K
}

