# JRE version: Java(TM) SE Runtime Environment (8.0_73-b02) (build 1.8.0_73-b02)
# Java VM: Java HotSpot(TM) 64-Bit Server VM (25.73-b02 mixed mode windows-amd64 compressed oops)
Heap:
 PSYoungGen      total 114176K, used 43419K [0x0000000757d80000, 0x000000076e180000, 0x00000007c0000000)
  eden space 109056K, 39% used [0x0000000757d80000,0x000000075a7cee18,0x000000075e800000)
  from space 5120K, 1% used [0x000000076d780000,0x000000076d798000,0x000000076dc80000)
  to   space 5120K, 0% used [0x000000076dc80000,0x000000076dc80000,0x000000076e180000)
 ParOldGen       total 65536K, used 5769K [0x0000000687800000, 0x000000068b800000, 0x0000000757d80000)
  object space 65536K, 8% used [0x0000000687800000,0x0000000687da2710,0x000000068b800000)
 Metaspace       used 11897K, capacity 12128K, committed 12416K, reserved 1060864K
  class space    used 1277K, capacity 1339K, committed 1408K, reserved 1048576K
GC Heap History (10 events):
Event: 24.878 GC heap before
{Heap before GC invocations=17 (full 0):
 PSYoungGen      total 133632K, used 133248K [0x0000000757d80000, 0x000000076ec00000, 0x00000007c0000000)
  eden space 133120K, 100% used [0x0000000757d80000,0x000000075ff80000,0x000000075ff80000)
  from space 512K, 25% used [0x000000076eb80000,0x000000076eba0000,0x000000076ec00000)
  to   space 6144K, 0% used [0x000000076e000000,0x000000076e000000,0x000000076e600000)
 ParOldGen       total 65536K, used 5644K [0x0000000687800000, 0x000000068b800000, 0x0000000757d80000)
  object space 65536K, 8% used [0x0000000687800000,0x0000000687d83388,0x000000068b800000)
 Metaspace       used 11895K, capacity 12128K, committed 12416K, reserved 1060864K
  class space    used 1276K, capacity 1339K, committed 1408K, reserved 1048576K
Event: 24.879 GC heap after
Heap after GC invocations=17 (full 0):
 PSYoungGen      total 134144K, used 96K [0x0000000757d80000, 0x000000076ec00000, 0x00000007c0000000)
  eden space 128000K, 0% used [0x0000000757d80000,0x0000000757d80000,0x000000075fa80000)
  from space 6144K, 1% used [0x000000076e000000,0x000000076e018000,0x000000076e600000)
  to   space 6144K, 0% used [0x000000076e600000,0x000000076e600000,0x000000076ec00000)
 ParOldGen       total 65536K, used 5660K [0x0000000687800000, 0x000000068b800000, 0x0000000757d80000)
  object space 65536K, 8% used [0x0000000687800000,0x0000000687d87388,0x000000068b800000)
 Metaspace       used 11895K, capacity 12128K, committed 12416K, reserved 1060864K
  class space    used 1276K, capacity 1339K, committed 1408K, reserved 1048576K
}
Event: 26.298 GC heap before
{Heap before GC invocations=18 (full 0):
 PSYoungGen      total 134144K, used 128096K [0x0000000757d80000, 0x000000076ec00000, 0x00000007c0000000)
  eden space 128000K, 100% used [0x0000000757d80000,0x000000075fa80000,0x000000075fa80000)
  from space 6144K, 1% used [0x000000076e000000,0x000000076e018000,0x000000076e600000)
  to   space 6144K, 0% used [0x000000076e600000,0x000000076e600000,0x000000076ec00000)
 ParOldGen       total 65536K, used 5660K [0x0000000687800000, 0x000000068b800000, 0x0000000757d80000)
  object space 65536K, 8% used [0x0000000687800000,0x0000000687d87388,0x000000068b800000)
 Metaspace       used 11896K, capacity 12128K, committed 12416K, reserved 1060864K
  class space    used 1276K, capacity 1339K, committed 1408K, reserved 1048576K
Event: 26.299 GC heap after
Heap after GC invocations=18 (full 0):
 PSYoungGen      total 123392K, used 64K [0x0000000757d80000, 0x000000076e680000, 0x00000007c0000000)
  eden space 122880K, 0% used [0x0000000757d80000,0x0000000757d80000,0x000000075f580000)
  from space 512K, 12% used [0x000000076e600000,0x000000076e610000,0x000000076e680000)
  to   space 5632K, 0% used [0x000000076db80000,0x000000076db80000,0x000000076e100000)
 ParOldGen       total 65536K, used 5708K [0x0000000687800000, 0x000000068b800000, 0x0000000757d80000)
  object space 65536K, 8% used [0x0000000687800000,0x0000000687d933b8,0x000000068b800000)
 Metaspace       used 11896K, capacity 12128K, committed 12416K, reserved 1060864K
  class space    used 1276K, capacity 1339K, committed 1408K, reserved 1048576K
}
Event: 27.658 GC heap before
{Heap before GC invocations=19 (full 0):
 PSYoungGen      total 123392K, used 122944K [0x0000000757d80000, 0x000000076e680000, 0x00000007c0000000)
  eden space 122880K, 100% used [0x0000000757d80000,0x000000075f580000,0x000000075f580000)
  from space 512K, 12% used [0x000000076e600000,0x000000076e610000,0x000000076e680000)
  to   space 5632K, 0% used [0x000000076db80000,0x000000076db80000,0x000000076e100000)
 ParOldGen       total 65536K, used 5708K [0x0000000687800000, 0x000000068b800000, 0x0000000757d80000)
  object space 65536K, 8% used [0x0000000687800000,0x0000000687d933b8,0x000000068b800000)
 Metaspace       used 11896K, capacity 12128K, committed 12416K, reserved 1060864K
  class space    used 1276K, capacity 1339K, committed 1408K, reserved 1048576K
Event: 27.673 GC heap after
Heap after GC invocations=19 (full 0):
 PSYoungGen      total 123904K, used 64K [0x0000000757d80000, 0x000000076e680000, 0x00000007c0000000)
  eden space 118272K, 0% used [0x0000000757d80000,0x0000000757d80000,0x000000075f100000)
  from space 5632K, 1% used [0x000000076db80000,0x000000076db90000,0x000000076e100000)
  to   space 5632K, 0% used [0x000000076e100000,0x000000076e100000,0x000000076e680000)
 ParOldGen       total 65536K, used 5729K [0x0000000687800000, 0x000000068b800000, 0x0000000757d80000)
  object space 65536K, 8% used [0x0000000687800000,0x0000000687d98710,0x000000068b800000)
 Metaspace       used 11896K, capacity 12128K, committed 12416K, reserved 1060864K
  class space    used 1276K, capacity 1339K, committed 1408K, reserved 1048576K
}
Event: 28.981 GC heap before
{Heap before GC invocations=20 (full 0):
 PSYoungGen      total 123904K, used 118336K [0x0000000757d80000, 0x000000076e680000, 0x00000007c0000000)
  eden space 118272K, 100% used [0x0000000757d80000,0x000000075f100000,0x000000075f100000)
  from space 5632K, 1% used [0x000000076db80000,0x000000076db90000,0x000000076e100000)
  to   space 5632K, 0% used [0x000000076e100000,0x000000076e100000,0x000000076e680000)
 ParOldGen       total 65536K, used 5729K [0x0000000687800000, 0x000000068b800000, 0x0000000757d80000)
  object space 65536K, 8% used [0x0000000687800000,0x0000000687d98710,0x000000068b800000)
 Metaspace       used 11896K, capacity 12128K, committed 12416K, reserved 1060864K
  class space    used 1276K, capacity 1339K, committed 1408K, reserved 1048576K
Event: 28.982 GC heap after
Heap after GC invocations=20 (full 0):
 PSYoungGen      total 114176K, used 64K [0x0000000757d80000, 0x000000076e180000, 0x00000007c0000000)
  eden space 113664K, 0% used [0x0000000757d80000,0x0000000757d80000,0x000000075ec80000)
  from space 512K, 12% used [0x000000076e100000,0x000000076e110000,0x000000076e180000)
  to   space 5120K, 0% used [0x000000076d780000,0x000000076d780000,0x000000076dc80000)
 ParOldGen       total 65536K, used 5745K [0x0000000687800000, 0x000000068b800000, 0x0000000757d80000)
  object space 65536K, 8% used [0x0000000687800000,0x0000000687d9c710,0x000000068b800000)
 Metaspace       used 11896K, capacity 12128K, committed 12416K, reserved 1060864K
  class space    used 1276K, capacity 1339K, committed 1408K, reserved 1048576K
}
Event: 30.254 GC heap before
{Heap before GC invocations=21 (full 0):
 PSYoungGen      total 114176K, used 113728K [0x0000000757d80000, 0x000000076e180000, 0x00000007c0000000)
  eden space 113664K, 100% used [0x0000000757d80000,0x000000075ec80000,0x000000075ec80000)
  from space 512K, 12% used [0x000000076e100000,0x000000076e110000,0x000000076e180000)
  to   space 5120K, 0% used [0x000000076d780000,0x000000076d780000,0x000000076dc80000)
 ParOldGen       total 65536K, used 5745K [0x0000000687800000, 0x000000068b800000, 0x0000000757d80000)
  object space 65536K, 8% used [0x0000000687800000,0x0000000687d9c710,0x000000068b800000)
 Metaspace       used 11897K, capacity 12128K, committed 12416K, reserved 1060864K
  class space    used 1277K, capacity 1339K, committed 1408K, reserved 1048576K
Event: 30.256 GC heap after
Heap after GC invocations=21 (full 0):
 PSYoungGen      total 114176K, used 96K [0x0000000757d80000, 0x000000076e180000, 0x00000007c0000000)
  eden space 109056K, 0% used [0x0000000757d80000,0x0000000757d80000,0x000000075e800000)
  from space 5120K, 1% used [0x000000076d780000,0x000000076d798000,0x000000076dc80000)
  to   space 5120K, 0% used [0x000000076dc80000,0x000000076dc80000,0x000000076e180000)
 ParOldGen       total 65536K, used 5769K [0x0000000687800000, 0x000000068b800000, 0x0000000757d80000)
  object space 65536K, 8% used [0x0000000687800000,0x0000000687da2710,0x000000068b800000)
 Metaspace       used 11897K, capacity 12128K, committed 12416K, reserved 1060864K
  class space    used 1277K, capacity 1339K, committed 1408K, reserved 1048576K
}

