# JRE version: OpenJDK Runtime Environment (7.0_111-b01) (build 1.7.0_111-b01)
# Java VM: OpenJDK 64-Bit Server VM (24.111-b01 mixed mode linux-amd64 compressed oops)
Heap
 PSYoungGen      total 1027584K, used 1504K [0x00000007a8800000, 0x00000007e7880000, 0x0000000800000000)
  eden space 1022464K, 0% used [0x00000007a8800000,0x00000007a8800000,0x00000007e6e80000)
  from space 5120K, 29% used [0x00000007e6e80000,0x00000007e6ff8000,0x00000007e7380000)
  to   space 5120K, 0% used [0x00000007e7380000,0x00000007e7380000,0x00000007e7880000)
 ParOldGen       total 79872K, used 4482K [0x00000006f9800000, 0x00000006fe600000, 0x00000007a8800000)
  object space 79872K, 5% used [0x00000006f9800000,0x00000006f9c609b8,0x00000006fe600000)
 PSPermGen       total 21504K, used 12258K [0x00000006ef200000, 0x00000006f0700000, 0x00000006f9800000)
  object space 21504K, 57% used [0x00000006ef200000,0x00000006efdf88e0,0x00000006f0700000)
GC Heap History (10 events):
Event: 27.247 GC heap after
Heap after GC invocations=10 (full 0):
 PSYoungGen      total 404480K, used 320K [0x00000007a8800000, 0x00000007c1800000, 0x0000000800000000)
  eden space 399360K, 0% used [0x00000007a8800000,0x00000007a8800000,0x00000007c0e00000)
  from space 5120K, 6% used [0x00000007c1300000,0x00000007c1350000,0x00000007c1800000)
  to   space 5120K, 0% used [0x00000007c0e00000,0x00000007c0e00000,0x00000007c1300000)
 ParOldGen       total 79872K, used 3484K [0x00000006f9800000, 0x00000006fe600000, 0x00000007a8800000)
  object space 79872K, 4% used [0x00000006f9800000,0x00000006f9b671a8,0x00000006fe600000)
 PSPermGen       total 21504K, used 12187K [0x00000006ef200000, 0x00000006f0700000, 0x00000006f9800000)
  object space 21504K, 56% used [0x00000006ef200000,0x00000006efde6ce8,0x00000006f0700000)
}
Event: 33.628 GC heap before
{Heap before GC invocations=11 (full 0):
 PSYoungGen      total 404480K, used 399680K [0x00000007a8800000, 0x00000007c1800000, 0x0000000800000000)
  eden space 399360K, 100% used [0x00000007a8800000,0x00000007c0e00000,0x00000007c0e00000)
  from space 5120K, 6% used [0x00000007c1300000,0x00000007c1350000,0x00000007c1800000)
  to   space 5120K, 0% used [0x00000007c0e00000,0x00000007c0e00000,0x00000007c1300000)
 ParOldGen       total 79872K, used 3484K [0x00000006f9800000, 0x00000006fe600000, 0x00000007a8800000)
  object space 79872K, 4% used [0x00000006f9800000,0x00000006f9b671a8,0x00000006fe600000)
 PSPermGen       total 21504K, used 12204K [0x00000006ef200000, 0x00000006f0700000, 0x00000006f9800000)
  object space 21504K, 56% used [0x00000006ef200000,0x00000006efdeb028,0x00000006f0700000)
Event: 33.632 GC heap after
Heap after GC invocations=11 (full 0):
 PSYoungGen      total 404480K, used 498K [0x00000007a8800000, 0x00000007d0200000, 0x0000000800000000)
  eden space 399360K, 0% used [0x00000007a8800000,0x00000007a8800000,0x00000007c0e00000)
  from space 5120K, 9% used [0x00000007c0e00000,0x00000007c0e7cb18,0x00000007c1300000)
  to   space 5120K, 0% used [0x00000007cfd00000,0x00000007cfd00000,0x00000007d0200000)
 ParOldGen       total 79872K, used 3548K [0x00000006f9800000, 0x00000006fe600000, 0x00000007a8800000)
  object space 79872K, 4% used [0x00000006f9800000,0x00000006f9b771a8,0x00000006fe600000)
 PSPermGen       total 21504K, used 12204K [0x00000006ef200000, 0x00000006f0700000, 0x00000006f9800000)
  object space 21504K, 56% used [0x00000006ef200000,0x00000006efdeb028,0x00000006f0700000)
}
Event: 37.733 GC heap before
{Heap before GC invocations=12 (full 0):
 PSYoungGen      total 404480K, used 399858K [0x00000007a8800000, 0x00000007d0200000, 0x0000000800000000)
  eden space 399360K, 100% used [0x00000007a8800000,0x00000007c0e00000,0x00000007c0e00000)
  from space 5120K, 9% used [0x00000007c0e00000,0x00000007c0e7cb18,0x00000007c1300000)
  to   space 5120K, 0% used [0x00000007cfd00000,0x00000007cfd00000,0x00000007d0200000)
 ParOldGen       total 79872K, used 3548K [0x00000006f9800000, 0x00000006fe600000, 0x00000007a8800000)
  object space 79872K, 4% used [0x00000006f9800000,0x00000006f9b771a8,0x00000006fe600000)
 PSPermGen       total 21504K, used 12216K [0x00000006ef200000, 0x00000006f0700000, 0x00000006f9800000)
  object space 21504K, 56% used [0x00000006ef200000,0x00000006efdee3b0,0x00000006f0700000)
Event: 37.739 GC heap after
Heap after GC invocations=12 (full 0):
 PSYoungGen      total 644096K, used 485K [0x00000007a8800000, 0x00000007d0200000, 0x0000000800000000)
  eden space 638976K, 0% used [0x00000007a8800000,0x00000007a8800000,0x00000007cf800000)
  from space 5120K, 9% used [0x00000007cfd00000,0x00000007cfd79628,0x00000007d0200000)
  to   space 5120K, 0% used [0x00000007cf800000,0x00000007cf800000,0x00000007cfd00000)
 ParOldGen       total 79872K, used 3724K [0x00000006f9800000, 0x00000006fe600000, 0x00000007a8800000)
  object space 79872K, 4% used [0x00000006f9800000,0x00000006f9ba31a8,0x00000006fe600000)
 PSPermGen       total 21504K, used 12216K [0x00000006ef200000, 0x00000006f0700000, 0x00000006f9800000)
  object space 21504K, 56% used [0x00000006ef200000,0x00000006efdee3b0,0x00000006f0700000)
}
Event: 44.343 GC heap before
{Heap before GC invocations=13 (full 0):
 PSYoungGen      total 644096K, used 639461K [0x00000007a8800000, 0x00000007d0200000, 0x0000000800000000)
  eden space 638976K, 100% used [0x00000007a8800000,0x00000007cf800000,0x00000007cf800000)
  from space 5120K, 9% used [0x00000007cfd00000,0x00000007cfd79628,0x00000007d0200000)
  to   space 5120K, 0% used [0x00000007cf800000,0x00000007cf800000,0x00000007cfd00000)
 ParOldGen       total 79872K, used 3724K [0x00000006f9800000, 0x00000006fe600000, 0x00000007a8800000)
  object space 79872K, 4% used [0x00000006f9800000,0x00000006f9ba31a8,0x00000006fe600000)
 PSPermGen       total 21504K, used 12230K [0x00000006ef200000, 0x00000006f0700000, 0x00000006f9800000)
  object space 21504K, 56% used [0x00000006ef200000,0x00000006efdf1880,0x00000006f0700000)
Event: 44.346 GC heap after
Heap after GC invocations=13 (full 0):
 PSYoungGen      total 644096K, used 837K [0x00000007a8800000, 0x00000007e7880000, 0x0000000800000000)
  eden space 638976K, 0% used [0x00000007a8800000,0x00000007a8800000,0x00000007cf800000)
  from space 5120K, 16% used [0x00000007cf800000,0x00000007cf8d1628,0x00000007cfd00000)
  to   space 5120K, 0% used [0x00000007e7380000,0x00000007e7380000,0x00000007e7880000)
 ParOldGen       total 79872K, used 3804K [0x00000006f9800000, 0x00000006fe600000, 0x00000007a8800000)
  object space 79872K, 4% used [0x00000006f9800000,0x00000006f9bb71a8,0x00000006fe600000)
 PSPermGen       total 21504K, used 12230K [0x00000006ef200000, 0x00000006f0700000, 0x00000006f9800000)
  object space 21504K, 56% used [0x00000006ef200000,0x00000006efdf1880,0x00000006f0700000)
}
Event: 49.341 GC heap before
{Heap before GC invocations=14 (full 0):
 PSYoungGen      total 644096K, used 639813K [0x00000007a8800000, 0x00000007e7880000, 0x0000000800000000)
  eden space 638976K, 100% used [0x00000007a8800000,0x00000007cf800000,0x00000007cf800000)
  from space 5120K, 16% used [0x00000007cf800000,0x00000007cf8d1628,0x00000007cfd00000)
  to   space 5120K, 0% used [0x00000007e7380000,0x00000007e7380000,0x00000007e7880000)
 ParOldGen       total 79872K, used 3804K [0x00000006f9800000, 0x00000006fe600000, 0x00000007a8800000)
  object space 79872K, 4% used [0x00000006f9800000,0x00000006f9bb71a8,0x00000006fe600000)
 PSPermGen       total 21504K, used 12247K [0x00000006ef200000, 0x00000006f0700000, 0x00000006f9800000)
  object space 21504K, 56% used [0x00000006ef200000,0x00000006efdf5f20,0x00000006f0700000)
Event: 49.344 GC heap after
Heap after GC invocations=14 (full 0):
 PSYoungGen      total 1027584K, used 1010K [0x00000007a8800000, 0x00000007e7880000, 0x0000000800000000)
  eden space 1022464K, 0% used [0x00000007a8800000,0x00000007a8800000,0x00000007e6e80000)
  from space 5120K, 19% used [0x00000007e7380000,0x00000007e747cb10,0x00000007e7880000)
  to   space 5120K, 0% used [0x00000007e6e80000,0x00000007e6e80000,0x00000007e7380000)
 ParOldGen       total 79872K, used 4194K [0x00000006f9800000, 0x00000006fe600000, 0x00000007a8800000)
  object space 79872K, 5% used [0x00000006f9800000,0x00000006f9c189b8,0x00000006fe600000)
 PSPermGen       total 21504K, used 12247K [0x00000006ef200000, 0x00000006f0700000, 0x00000006f9800000)
  object space 21504K, 56% used [0x00000006ef200000,0x00000006efdf5f20,0x00000006f0700000)
}
Event: 56.439 GC heap before
{Heap before GC invocations=15 (full 0):
 PSYoungGen      total 1027584K, used 1023474K [0x00000007a8800000, 0x00000007e7880000, 0x0000000800000000)
  eden space 1022464K, 100% used [0x00000007a8800000,0x00000007e6e80000,0x00000007e6e80000)
  from space 5120K, 19% used [0x00000007e7380000,0x00000007e747cb10,0x00000007e7880000)
  to   space 5120K, 0% used [0x00000007e6e80000,0x00000007e6e80000,0x00000007e7380000)
 ParOldGen       total 79872K, used 4194K [0x00000006f9800000, 0x00000006fe600000, 0x00000007a8800000)
  object space 79872K, 5% used [0x00000006f9800000,0x00000006f9c189b8,0x00000006fe600000)
 PSPermGen       total 21504K, used 12258K [0x00000006ef200000, 0x00000006f0700000, 0x00000006f9800000)
  object space 21504K, 57% used [0x00000006ef200000,0x00000006efdf88e0,0x00000006f0700000)

